#
# There is insufficient memory for the Java Runtime Environment to continue.
# Native memory allocation (malloc) failed to allocate 1048576 bytes for AllocateHeap
# Possible reasons:
#   The system is out of physical RAM or swap space
#   The process is running with CompressedOops enabled, and the Java Heap may be blocking the growth of the native heap
# Possible solutions:
#   Reduce memory load on the system
#   Increase physical memory or swap space
#   Check if swap backing store is full
#   Decrease Java heap size (-Xmx/-Xms)
#   Decrease number of Java threads
#   Decrease Java thread stack sizes (-Xss)
#   Set larger code cache with -XX:ReservedCodeCacheSize=
#   JVM is running with Unscaled Compressed Oops mode in which the Java heap is
#     placed in the first 4GB address space. The Java Heap base address is the
#     maximum limit for the native heap growth. Please use -XX:HeapBaseMinAddress
#     to set the Java Heap base and to place the Java Heap above 4GB virtual address.
# This output file may be truncated or incomplete.
#
#  Out of Memory Error (./open/src/hotspot/share/memory/allocation.cpp:46), pid=3580, tid=9992
#
# JRE version: Java(TM) SE Runtime Environment 18.9 (11.0.12+8) (build 11.0.12+8-LTS-237)
# Java VM: Java HotSpot(TM) 64-Bit Server VM 18.9 (11.0.12+8-LTS-237, mixed mode, tiered, compressed oops, g1 gc, windows-amd64)
# No core dump will be written. Minidumps are not enabled by default on client versions of Windows
#

---------------  S U M M A R Y ------------

Command Line: io.qameta.allure.CommandLine serve C:\Users\User\jenkins_practice\build\allure-results

Host: Intel(R) Core(TM) i3-10110U CPU @ 2.10GHz, 4 cores, 7G,  Windows 10 , 64 bit Build 19041 (10.0.19041.3393)
Time: Thu Sep 14 21:08:45 2023 Беларусь (зима) elapsed time: 0.525945 seconds (0d 0h 0m 0s)

---------------  T H R E A D  ---------------

Current thread (0x0000020e114ca800):  VMThread "VM Thread" [stack: 0x000000c127000000,0x000000c127100000] [id=9992]

Stack: [0x000000c127000000,0x000000c127100000]
[error occurred during error reporting (printing stack bounds), id 0xc0000005, EXCEPTION_ACCESS_VIOLATION (0xc0000005) at pc=0x0000020e00000f2d]

Native frames: (J=compiled Java code, j=interpreted, Vv=VM code, C=native code)
V  [jvm.dll+0x617d9a]
V  [jvm.dll+0x74eeef]
V  [jvm.dll+0x750599]
V  [jvm.dll+0x750b85]
V  [jvm.dll+0x750b3b]
V  [jvm.dll+0x6175d3]
V  [jvm.dll+0x617998]
C  [ntdll.dll+0xa221f]
C  [ntdll.dll+0x514b4]
C  [ntdll.dll+0xa0d2e]
C  0x0000020e00000f2d

VM_Operation (0x000000c126afa4a0): CollectForMetadataAllocation, mode: safepoint, requested by thread 0x0000020e710a8800


---------------  P R O C E S S  ---------------

Threads class SMR info:
_java_thread_list=0x0000020e1200d070, length=11, elements={
0x0000020e710a8800, 0x0000020e114cc800, 0x0000020e114f8000, 0x0000020e11507000,
0x0000020e11508000, 0x0000020e1150a000, 0x0000020e1150f800, 0x0000020e11511000,
0x0000020e11514800, 0x0000020e11feb000, 0x0000020e11fe3800
}

Java Threads: ( => current thread )
  0x0000020e710a8800 JavaThread "main" [_thread_blocked, id=10704, stack(0x000000c126a00000,0x000000c126b00000)]
  0x0000020e114cc800 JavaThread "Reference Handler" daemon [_thread_blocked, id=8716, stack(0x000000c127100000,0x000000c127200000)]
  0x0000020e114f8000 JavaThread "Finalizer" daemon [_thread_blocked, id=5288, stack(0x000000c127200000,0x000000c127300000)]
  0x0000020e11507000 JavaThread "Signal Dispatcher" daemon [_thread_blocked, id=12888, stack(0x000000c127300000,0x000000c127400000)]
  0x0000020e11508000 JavaThread "Attach Listener" daemon [_thread_blocked, id=12024, stack(0x000000c127400000,0x000000c127500000)]
  0x0000020e1150a000 JavaThread "Service Thread" daemon [_thread_blocked, id=7492, stack(0x000000c127500000,0x000000c127600000)]
  0x0000020e1150f800 JavaThread "C2 CompilerThread0" daemon [_thread_blocked, id=7984, stack(0x000000c127600000,0x000000c127700000)]
  0x0000020e11511000 JavaThread "C1 CompilerThread0" daemon [_thread_blocked, id=10612, stack(0x000000c127700000,0x000000c127800000)]
  0x0000020e11514800 JavaThread "Sweeper thread" daemon [_thread_blocked, id=4524, stack(0x000000c127800000,0x000000c127900000)]
  0x0000020e11feb000 JavaThread "Common-Cleaner" daemon [_thread_blocked, id=11800, stack(0x000000c127a00000,0x000000c127b00000)]
  0x0000020e11fe3800 JavaThread "C2 CompilerThread1" daemon [_thread_blocked, id=12488, stack(0x000000c127b00000,0x000000c127c00000)]

Other Threads:
=>0x0000020e114ca800 VMThread "VM Thread" [stack: 0x000000c127000000,0x000000c127100000] [id=9992]
  0x0000020e11fe9800 WatcherThread [stack: 0x000000c127900000,0x000000c127a00000] [id=4208]
  0x0000020e710be000 GCTaskThread "GC Thread#0" [stack: 0x000000c126b00000,0x000000c126c00000] [id=4324]
  0x0000020e12e0d800 GCTaskThread "GC Thread#1" [stack: 0x000000c127c00000,0x000000c127d00000] [id=10444]
  0x0000020e12e12800 GCTaskThread "GC Thread#2" [stack: 0x000000c127d00000,0x000000c127e00000] [id=8232]
  0x0000020e710ee000 ConcurrentGCThread "G1 Main Marker" [stack: 0x000000c126c00000,0x000000c126d00000] [id=9460]
  0x0000020e710f1800 ConcurrentGCThread "G1 Conc#0" [stack: 0x000000c126d00000,0x000000c126e00000] [id=6840]
  0x0000020e71170800 ConcurrentGCThread "G1 Refine#0" [stack: 0x000000c126e00000,0x000000c126f00000] [id=12100]
  0x0000020e11340800 ConcurrentGCThread "G1 Young RemSet Sampling" [stack: 0x000000c126f00000,0x000000c127000000] [id=3320]

Threads with active compile tasks:

VM state:at safepoint (normal execution)

VM Mutex/Monitor currently owned by a thread:  ([mutex/lock_event])
[0x0000020e710a4060] Threads_lock - owner thread: 0x0000020e114ca800
[0x0000020e710a42a0] Heap_lock - owner thread: 0x0000020e710a8800

Heap address: 0x0000000083000000, size: 2000 MB, Compressed Oops mode: 32-bit
Narrow klass base: 0x0000000000000000, Narrow klass shift: 3
Compressed class space size: 1073741824 Address: 0x0000000100000000

Heap:
 garbage-first heap   total 129024K, used 3612K [0x0000000083000000, 0x0000000100000000)
  region size 1024K, 1 young (1024K), 1 survivors (1024K)
 Metaspace       used 12440K, capacity 12657K, committed 12672K, reserved 1069056K
  class space    used 1311K, capacity 1407K, committed 1408K, reserved 1048576K
Heap Regions: E=young(eden), S=young(survivor), O=old, HS=humongous(starts), HC=humongous(continues), CS=collection set, F=free, A=archive, TAMS=top-at-mark-start (previous, next)
|   0|0x0000000083000000, 0x0000000083100000, 0x0000000083100000|100%| O|  |TAMS 0x0000000083000000, 0x0000000083100000| Untracked 
|   1|0x0000000083100000, 0x0000000083200000, 0x0000000083200000|100%| O|  |TAMS 0x0000000083100000, 0x0000000083200000| Untracked 
|   2|0x0000000083200000, 0x00000000832cf400, 0x0000000083300000| 80%| O|  |TAMS 0x0000000083200000, 0x00000000832cf400| Untracked 
|   3|0x0000000083300000, 0x0000000083300000, 0x0000000083400000|  0%| F|  |TAMS 0x0000000083300000, 0x0000000083300000| Untracked 
|   4|0x0000000083400000, 0x0000000083400000, 0x0000000083500000|  0%| F|  |TAMS 0x0000000083400000, 0x0000000083400000| Untracked 
|   5|0x0000000083500000, 0x0000000083500000, 0x0000000083600000|  0%| F|  |TAMS 0x0000000083500000, 0x0000000083500000| Untracked 
|   6|0x0000000083600000, 0x0000000083600000, 0x0000000083700000|  0%| F|  |TAMS 0x0000000083600000, 0x0000000083600000| Untracked 
|   7|0x0000000083700000, 0x0000000083700000, 0x0000000083800000|  0%| F|  |TAMS 0x0000000083700000, 0x0000000083700000| Untracked 
|   8|0x0000000083800000, 0x0000000083800000, 0x0000000083900000|  0%| F|  |TAMS 0x0000000083800000, 0x0000000083800000| Untracked 
|   9|0x0000000083900000, 0x0000000083900000, 0x0000000083a00000|  0%| F|  |TAMS 0x0000000083900000, 0x0000000083900000| Untracked 
|  10|0x0000000083a00000, 0x0000000083a00000, 0x0000000083b00000|  0%| F|  |TAMS 0x0000000083a00000, 0x0000000083a00000| Untracked 
|  11|0x0000000083b00000, 0x0000000083b00000, 0x0000000083c00000|  0%| F|  |TAMS 0x0000000083b00000, 0x0000000083b00000| Untracked 
|  12|0x0000000083c00000, 0x0000000083c00000, 0x0000000083d00000|  0%| F|  |TAMS 0x0000000083c00000, 0x0000000083c00000| Untracked 
|  13|0x0000000083d00000, 0x0000000083d00000, 0x0000000083e00000|  0%| F|  |TAMS 0x0000000083d00000, 0x0000000083d00000| Untracked 
|  14|0x0000000083e00000, 0x0000000083e00000, 0x0000000083f00000|  0%| F|  |TAMS 0x0000000083e00000, 0x0000000083e00000| Untracked 
|  15|0x0000000083f00000, 0x0000000083f00000, 0x0000000084000000|  0%| F|  |TAMS 0x0000000083f00000, 0x0000000083f00000| Untracked 
|  16|0x0000000084000000, 0x0000000084000000, 0x0000000084100000|  0%| F|  |TAMS 0x0000000084000000, 0x0000000084000000| Untracked 
|  17|0x0000000084100000, 0x0000000084100000, 0x0000000084200000|  0%| F|  |TAMS 0x0000000084100000, 0x0000000084100000| Untracked 
|  18|0x0000000084200000, 0x0000000084200000, 0x0000000084300000|  0%| F|  |TAMS 0x0000000084200000, 0x0000000084200000| Untracked 
|  19|0x0000000084300000, 0x0000000084300000, 0x0000000084400000|  0%| F|  |TAMS 0x0000000084300000, 0x0000000084300000| Untracked 
|  20|0x0000000084400000, 0x0000000084400000, 0x0000000084500000|  0%| F|  |TAMS 0x0000000084400000, 0x0000000084400000| Untracked 
|  21|0x0000000084500000, 0x0000000084500000, 0x0000000084600000|  0%| F|  |TAMS 0x0000000084500000, 0x0000000084500000| Untracked 
|  22|0x0000000084600000, 0x0000000084600000, 0x0000000084700000|  0%| F|  |TAMS 0x0000000084600000, 0x0000000084600000| Untracked 
|  23|0x0000000084700000, 0x0000000084700000, 0x0000000084800000|  0%| F|  |TAMS 0x0000000084700000, 0x0000000084700000| Untracked 
|  24|0x0000000084800000, 0x0000000084800000, 0x0000000084900000|  0%| F|  |TAMS 0x0000000084800000, 0x0000000084800000| Untracked 
|  25|0x0000000084900000, 0x0000000084900000, 0x0000000084a00000|  0%| F|  |TAMS 0x0000000084900000, 0x0000000084900000| Untracked 
|  26|0x0000000084a00000, 0x0000000084a00000, 0x0000000084b00000|  0%| F|  |TAMS 0x0000000084a00000, 0x0000000084a00000| Untracked 
|  27|0x0000000084b00000, 0x0000000084b00000, 0x0000000084c00000|  0%| F|  |TAMS 0x0000000084b00000, 0x0000000084b00000| Untracked 
|  28|0x0000000084c00000, 0x0000000084c00000, 0x0000000084d00000|  0%| F|  |TAMS 0x0000000084c00000, 0x0000000084c00000| Untracked 
|  29|0x0000000084d00000, 0x0000000084d00000, 0x0000000084e00000|  0%| F|  |TAMS 0x0000000084d00000, 0x0000000084d00000| Untracked 
|  30|0x0000000084e00000, 0x0000000084e00000, 0x0000000084f00000|  0%| F|  |TAMS 0x0000000084e00000, 0x0000000084e00000| Untracked 
|  31|0x0000000084f00000, 0x0000000084f00000, 0x0000000085000000|  0%| F|  |TAMS 0x0000000084f00000, 0x0000000084f00000| Untracked 
|  32|0x0000000085000000, 0x0000000085000000, 0x0000000085100000|  0%| F|  |TAMS 0x0000000085000000, 0x0000000085000000| Untracked 
|  33|0x0000000085100000, 0x0000000085100000, 0x0000000085200000|  0%| F|  |TAMS 0x0000000085100000, 0x0000000085100000| Untracked 
|  34|0x0000000085200000, 0x0000000085200000, 0x0000000085300000|  0%| F|  |TAMS 0x0000000085200000, 0x0000000085200000| Untracked 
|  35|0x0000000085300000, 0x0000000085300000, 0x0000000085400000|  0%| F|  |TAMS 0x0000000085300000, 0x0000000085300000| Untracked 
|  36|0x0000000085400000, 0x0000000085400000, 0x0000000085500000|  0%| F|  |TAMS 0x0000000085400000, 0x0000000085400000| Untracked 
|  37|0x0000000085500000, 0x0000000085500000, 0x0000000085600000|  0%| F|  |TAMS 0x0000000085500000, 0x0000000085500000| Untracked 
|  38|0x0000000085600000, 0x0000000085600000, 0x0000000085700000|  0%| F|  |TAMS 0x0000000085600000, 0x0000000085600000| Untracked 
|  39|0x0000000085700000, 0x0000000085700000, 0x0000000085800000|  0%| F|  |TAMS 0x0000000085700000, 0x0000000085700000| Untracked 
|  40|0x0000000085800000, 0x0000000085800000, 0x0000000085900000|  0%| F|  |TAMS 0x0000000085800000, 0x0000000085800000| Untracked 
|  41|0x0000000085900000, 0x0000000085900000, 0x0000000085a00000|  0%| F|  |TAMS 0x0000000085900000, 0x0000000085900000| Untracked 
|  42|0x0000000085a00000, 0x0000000085a00000, 0x0000000085b00000|  0%| F|  |TAMS 0x0000000085a00000, 0x0000000085a00000| Untracked 
|  43|0x0000000085b00000, 0x0000000085b00000, 0x0000000085c00000|  0%| F|  |TAMS 0x0000000085b00000, 0x0000000085b00000| Untracked 
|  44|0x0000000085c00000, 0x0000000085c00000, 0x0000000085d00000|  0%| F|  |TAMS 0x0000000085c00000, 0x0000000085c00000| Untracked 
|  45|0x0000000085d00000, 0x0000000085d00000, 0x0000000085e00000|  0%| F|  |TAMS 0x0000000085d00000, 0x0000000085d00000| Untracked 
|  46|0x0000000085e00000, 0x0000000085e00000, 0x0000000085f00000|  0%| F|  |TAMS 0x0000000085e00000, 0x0000000085e00000| Untracked 
|  47|0x0000000085f00000, 0x0000000085f00000, 0x0000000086000000|  0%| F|  |TAMS 0x0000000085f00000, 0x0000000085f00000| Untracked 
|  48|0x0000000086000000, 0x0000000086000000, 0x0000000086100000|  0%| F|  |TAMS 0x0000000086000000, 0x0000000086000000| Untracked 
|  49|0x0000000086100000, 0x0000000086100000, 0x0000000086200000|  0%| F|  |TAMS 0x0000000086100000, 0x0000000086100000| Untracked 
|  50|0x0000000086200000, 0x0000000086200000, 0x0000000086300000|  0%| F|  |TAMS 0x0000000086200000, 0x0000000086200000| Untracked 
|  51|0x0000000086300000, 0x0000000086300000, 0x0000000086400000|  0%| F|  |TAMS 0x0000000086300000, 0x0000000086300000| Untracked 
|  52|0x0000000086400000, 0x0000000086400000, 0x0000000086500000|  0%| F|  |TAMS 0x0000000086400000, 0x0000000086400000| Untracked 
|  53|0x0000000086500000, 0x0000000086500000, 0x0000000086600000|  0%| F|  |TAMS 0x0000000086500000, 0x0000000086500000| Untracked 
|  54|0x0000000086600000, 0x0000000086600000, 0x0000000086700000|  0%| F|  |TAMS 0x0000000086600000, 0x0000000086600000| Untracked 
|  55|0x0000000086700000, 0x0000000086700000, 0x0000000086800000|  0%| F|  |TAMS 0x0000000086700000, 0x0000000086700000| Untracked 
|  56|0x0000000086800000, 0x0000000086800000, 0x0000000086900000|  0%| F|  |TAMS 0x0000000086800000, 0x0000000086800000| Untracked 
|  57|0x0000000086900000, 0x0000000086900000, 0x0000000086a00000|  0%| F|  |TAMS 0x0000000086900000, 0x0000000086900000| Untracked 
|  58|0x0000000086a00000, 0x0000000086a00000, 0x0000000086b00000|  0%| F|  |TAMS 0x0000000086a00000, 0x0000000086a00000| Untracked 
|  59|0x0000000086b00000, 0x0000000086b00000, 0x0000000086c00000|  0%| F|  |TAMS 0x0000000086b00000, 0x0000000086b00000| Untracked 
|  60|0x0000000086c00000, 0x0000000086c00000, 0x0000000086d00000|  0%| F|  |TAMS 0x0000000086c00000, 0x0000000086c00000| Untracked 
|  61|0x0000000086d00000, 0x0000000086d00000, 0x0000000086e00000|  0%| F|  |TAMS 0x0000000086d00000, 0x0000000086d00000| Untracked 
|  62|0x0000000086e00000, 0x0000000086e00000, 0x0000000086f00000|  0%| F|  |TAMS 0x0000000086e00000, 0x0000000086e00000| Untracked 
|  63|0x0000000086f00000, 0x0000000086f00000, 0x0000000087000000|  0%| F|  |TAMS 0x0000000086f00000, 0x0000000086f00000| Untracked 
|  64|0x0000000087000000, 0x0000000087000000, 0x0000000087100000|  0%| F|  |TAMS 0x0000000087000000, 0x0000000087000000| Untracked 
|  65|0x0000000087100000, 0x0000000087100000, 0x0000000087200000|  0%| F|  |TAMS 0x0000000087100000, 0x0000000087100000| Untracked 
|  66|0x0000000087200000, 0x0000000087200000, 0x0000000087300000|  0%| F|  |TAMS 0x0000000087200000, 0x0000000087200000| Untracked 
|  67|0x0000000087300000, 0x0000000087300000, 0x0000000087400000|  0%| F|  |TAMS 0x0000000087300000, 0x0000000087300000| Untracked 
|  68|0x0000000087400000, 0x0000000087400000, 0x0000000087500000|  0%| F|  |TAMS 0x0000000087400000, 0x0000000087400000| Untracked 
|  69|0x0000000087500000, 0x0000000087500000, 0x0000000087600000|  0%| F|  |TAMS 0x0000000087500000, 0x0000000087500000| Untracked 
|  70|0x0000000087600000, 0x0000000087600000, 0x0000000087700000|  0%| F|  |TAMS 0x0000000087600000, 0x0000000087600000| Untracked 
|  71|0x0000000087700000, 0x0000000087700000, 0x0000000087800000|  0%| F|  |TAMS 0x0000000087700000, 0x0000000087700000| Untracked 
|  72|0x0000000087800000, 0x0000000087800000, 0x0000000087900000|  0%| F|  |TAMS 0x0000000087800000, 0x0000000087800000| Untracked 
|  73|0x0000000087900000, 0x0000000087900000, 0x0000000087a00000|  0%| F|  |TAMS 0x0000000087900000, 0x0000000087900000| Untracked 
|  74|0x0000000087a00000, 0x0000000087a00000, 0x0000000087b00000|  0%| F|  |TAMS 0x0000000087a00000, 0x0000000087a00000| Untracked 
|  75|0x0000000087b00000, 0x0000000087b00000, 0x0000000087c00000|  0%| F|  |TAMS 0x0000000087b00000, 0x0000000087b00000| Untracked 
|  76|0x0000000087c00000, 0x0000000087c00000, 0x0000000087d00000|  0%| F|  |TAMS 0x0000000087c00000, 0x0000000087c00000| Untracked 
|  77|0x0000000087d00000, 0x0000000087d00000, 0x0000000087e00000|  0%| F|  |TAMS 0x0000000087d00000, 0x0000000087d00000| Untracked 
|  78|0x0000000087e00000, 0x0000000087e00000, 0x0000000087f00000|  0%| F|  |TAMS 0x0000000087e00000, 0x0000000087e00000| Untracked 
|  79|0x0000000087f00000, 0x0000000087f00000, 0x0000000088000000|  0%| F|  |TAMS 0x0000000087f00000, 0x0000000087f00000| Untracked 
|  80|0x0000000088000000, 0x0000000088000000, 0x0000000088100000|  0%| F|  |TAMS 0x0000000088000000, 0x0000000088000000| Untracked 
|  81|0x0000000088100000, 0x0000000088100000, 0x0000000088200000|  0%| F|  |TAMS 0x0000000088100000, 0x0000000088100000| Untracked 
|  82|0x0000000088200000, 0x0000000088200000, 0x0000000088300000|  0%| F|  |TAMS 0x0000000088200000, 0x0000000088200000| Untracked 
|  83|0x0000000088300000, 0x0000000088300000, 0x0000000088400000|  0%| F|  |TAMS 0x0000000088300000, 0x0000000088300000| Untracked 
|  84|0x0000000088400000, 0x0000000088400000, 0x0000000088500000|  0%| F|  |TAMS 0x0000000088400000, 0x0000000088400000| Untracked 
|  85|0x0000000088500000, 0x0000000088500000, 0x0000000088600000|  0%| F|  |TAMS 0x0000000088500000, 0x0000000088500000| Untracked 
|  86|0x0000000088600000, 0x0000000088600000, 0x0000000088700000|  0%| F|  |TAMS 0x0000000088600000, 0x0000000088600000| Untracked 
|  87|0x0000000088700000, 0x0000000088700000, 0x0000000088800000|  0%| F|  |TAMS 0x0000000088700000, 0x0000000088700000| Untracked 
|  88|0x0000000088800000, 0x0000000088800000, 0x0000000088900000|  0%| F|  |TAMS 0x0000000088800000, 0x0000000088800000| Untracked 
|  89|0x0000000088900000, 0x0000000088900000, 0x0000000088a00000|  0%| F|  |TAMS 0x0000000088900000, 0x0000000088900000| Untracked 
|  90|0x0000000088a00000, 0x0000000088a00000, 0x0000000088b00000|  0%| F|  |TAMS 0x0000000088a00000, 0x0000000088a00000| Untracked 
|  91|0x0000000088b00000, 0x0000000088b00000, 0x0000000088c00000|  0%| F|  |TAMS 0x0000000088b00000, 0x0000000088b00000| Untracked 
|  92|0x0000000088c00000, 0x0000000088c00000, 0x0000000088d00000|  0%| F|  |TAMS 0x0000000088c00000, 0x0000000088c00000| Untracked 
|  93|0x0000000088d00000, 0x0000000088d00000, 0x0000000088e00000|  0%| F|  |TAMS 0x0000000088d00000, 0x0000000088d00000| Untracked 
|  94|0x0000000088e00000, 0x0000000088e00000, 0x0000000088f00000|  0%| F|  |TAMS 0x0000000088e00000, 0x0000000088e00000| Untracked 
|  95|0x0000000088f00000, 0x0000000088f00000, 0x0000000089000000|  0%| F|  |TAMS 0x0000000088f00000, 0x0000000088f00000| Untracked 
|  96|0x0000000089000000, 0x0000000089000000, 0x0000000089100000|  0%| F|  |TAMS 0x0000000089000000, 0x0000000089000000| Untracked 
|  97|0x0000000089100000, 0x0000000089100000, 0x0000000089200000|  0%| F|  |TAMS 0x0000000089100000, 0x0000000089100000| Untracked 
|  98|0x0000000089200000, 0x0000000089200000, 0x0000000089300000|  0%| F|  |TAMS 0x0000000089200000, 0x0000000089200000| Untracked 
|  99|0x0000000089300000, 0x0000000089300000, 0x0000000089400000|  0%| F|  |TAMS 0x0000000089300000, 0x0000000089300000| Untracked 
| 100|0x0000000089400000, 0x0000000089400000, 0x0000000089500000|  0%| F|  |TAMS 0x0000000089400000, 0x0000000089400000| Untracked 
| 101|0x0000000089500000, 0x0000000089500000, 0x0000000089600000|  0%| F|  |TAMS 0x0000000089500000, 0x0000000089500000| Untracked 
| 102|0x0000000089600000, 0x0000000089600000, 0x0000000089700000|  0%| F|  |TAMS 0x0000000089600000, 0x0000000089600000| Untracked 
| 103|0x0000000089700000, 0x0000000089700000, 0x0000000089800000|  0%| F|  |TAMS 0x0000000089700000, 0x0000000089700000| Untracked 
| 104|0x0000000089800000, 0x0000000089800000, 0x0000000089900000|  0%| F|  |TAMS 0x0000000089800000, 0x0000000089800000| Untracked 
| 105|0x0000000089900000, 0x0000000089900000, 0x0000000089a00000|  0%| F|  |TAMS 0x0000000089900000, 0x0000000089900000| Untracked 
| 106|0x0000000089a00000, 0x0000000089a00000, 0x0000000089b00000|  0%| F|  |TAMS 0x0000000089a00000, 0x0000000089a00000| Untracked 
| 107|0x0000000089b00000, 0x0000000089b00000, 0x0000000089c00000|  0%| F|  |TAMS 0x0000000089b00000, 0x0000000089b00000| Untracked 
| 108|0x0000000089c00000, 0x0000000089c00000, 0x0000000089d00000|  0%| F|  |TAMS 0x0000000089c00000, 0x0000000089c00000| Untracked 
| 109|0x0000000089d00000, 0x0000000089d00000, 0x0000000089e00000|  0%| F|  |TAMS 0x0000000089d00000, 0x0000000089d00000| Untracked 
| 110|0x0000000089e00000, 0x0000000089e00000, 0x0000000089f00000|  0%| F|  |TAMS 0x0000000089e00000, 0x0000000089e00000| Untracked 
| 111|0x0000000089f00000, 0x0000000089f00000, 0x000000008a000000|  0%| F|  |TAMS 0x0000000089f00000, 0x0000000089f00000| Untracked 
| 112|0x000000008a000000, 0x000000008a000000, 0x000000008a100000|  0%| F|  |TAMS 0x000000008a000000, 0x000000008a000000| Untracked 
| 113|0x000000008a100000, 0x000000008a100000, 0x000000008a200000|  0%| F|  |TAMS 0x000000008a100000, 0x000000008a100000| Untracked 
| 114|0x000000008a200000, 0x000000008a200000, 0x000000008a300000|  0%| F|  |TAMS 0x000000008a200000, 0x000000008a200000| Untracked 
| 115|0x000000008a300000, 0x000000008a300000, 0x000000008a400000|  0%| F|  |TAMS 0x000000008a300000, 0x000000008a300000| Untracked 
| 116|0x000000008a400000, 0x000000008a400000, 0x000000008a500000|  0%| F|  |TAMS 0x000000008a400000, 0x000000008a400000| Untracked 
| 117|0x000000008a500000, 0x000000008a5b7c08, 0x000000008a600000| 71%| S|CS|TAMS 0x000000008a500000, 0x000000008a500000| Complete 
| 118|0x000000008a600000, 0x000000008a600000, 0x000000008a700000|  0%| F|  |TAMS 0x000000008a600000, 0x000000008a600000| Untracked 
| 119|0x000000008a700000, 0x000000008a700000, 0x000000008a800000|  0%| F|  |TAMS 0x000000008a700000, 0x000000008a700000| Untracked 
| 120|0x000000008a800000, 0x000000008a800000, 0x000000008a900000|  0%| F|  |TAMS 0x000000008a800000, 0x000000008a800000| Untracked 
| 121|0x000000008a900000, 0x000000008a900000, 0x000000008aa00000|  0%| F|  |TAMS 0x000000008a900000, 0x000000008a900000| Untracked 
| 122|0x000000008aa00000, 0x000000008aa00000, 0x000000008ab00000|  0%| F|  |TAMS 0x000000008aa00000, 0x000000008aa00000| Untracked 
| 123|0x000000008ab00000, 0x000000008ab00000, 0x000000008ac00000|  0%| F|  |TAMS 0x000000008ab00000, 0x000000008ab00000| Untracked 
| 124|0x000000008ac00000, 0x000000008ac00000, 0x000000008ad00000|  0%| F|  |TAMS 0x000000008ac00000, 0x000000008ac00000| Untracked 
| 125|0x000000008ad00000, 0x000000008ad00000, 0x000000008ae00000|  0%| F|  |TAMS 0x000000008ad00000, 0x000000008ad00000| Untracked 

Card table byte_map: [0x0000020e7b740000,0x0000020e7bb30000] _byte_map_base: 0x0000020e7b328000

Marking Bits (Prev, Next): (CMBitMap*) 0x0000020e710e54f8, (CMBitMap*) 0x0000020e710e5530
 Prev Bits: [0x0000020e7bf20000, 0x0000020e7de60000)
 Next Bits: [0x0000020e7de60000, 0x0000020e7fda0000)

Polling page: 0x0000020e70f60000

Metaspace:

Usage:
  Non-class:     10.99 MB capacity,    10.87 MB ( 99%) used,    99.84 KB ( <1%) free+waste,    20.44 KB ( <1%) overhead. 
      Class:      1.37 MB capacity,     1.28 MB ( 93%) used,    84.55 KB (  6%) free+waste,    11.19 KB ( <1%) overhead. 
       Both:     12.36 MB capacity,    12.15 MB ( 98%) used,   184.39 KB (  1%) free+waste,    31.63 KB ( <1%) overhead. 

Virtual space:
  Non-class space:       20.00 MB reserved,      11.00 MB ( 55%) committed 
      Class space:        1.00 GB reserved,       1.38 MB ( <1%) committed 
             Both:        1.02 GB reserved,      12.38 MB (  1%) committed 

Chunk freelists:
   Non-Class:  1.75 KB
       Class:  128 bytes
        Both:  1.88 KB

CodeHeap 'non-profiled nmethods': size=120064Kb used=311Kb max_used=311Kb free=119752Kb
 bounds [0x0000020e07ac0000, 0x0000020e07d30000, 0x0000020e0f000000]
CodeHeap 'profiled nmethods': size=120000Kb used=1620Kb max_used=1620Kb free=118379Kb
 bounds [0x0000020e00590000, 0x0000020e00800000, 0x0000020e07ac0000]
CodeHeap 'non-nmethods': size=5696Kb used=1075Kb max_used=1093Kb free=4620Kb
 bounds [0x0000020e00000000, 0x0000020e00270000, 0x0000020e00590000]
 total_blobs=1304 nmethods=927 adapters=289
 compilation: enabled
              stopped_count=0, restarted_count=0
 full_count=0

Compilation events (10 events):
Event: 0.515 Thread 0x0000020e1150f800  923       4       java.lang.Integer::reverseBytes (26 bytes)
Event: 0.516 Thread 0x0000020e11511000  924       3       java.util.Collections$UnmodifiableCollection$1::hasNext (10 bytes)
Event: 0.516 Thread 0x0000020e1150f800 nmethod 923 0x0000020e07b0da10 code [0x0000020e07b0db80, 0x0000020e07b0dbf8]
Event: 0.516 Thread 0x0000020e11511000 nmethod 924 0x0000020e00723610 code [0x0000020e007237c0, 0x0000020e00723988]
Event: 0.516 Thread 0x0000020e11511000  925       1       java.nio.charset.Charset::name (5 bytes)
Event: 0.516 Thread 0x0000020e11511000 nmethod 925 0x0000020e07b0dc90 code [0x0000020e07b0de20, 0x0000020e07b0ded8]
Event: 0.516 Thread 0x0000020e11511000  926       3       java.util.Properties::getProperty (50 bytes)
Event: 0.516 Thread 0x0000020e11511000 nmethod 926 0x0000020e00723a90 code [0x0000020e00723c60, 0x0000020e00724138]
Event: 0.516 Thread 0x0000020e11511000  927       3       sun.security.provider.SHA::implCompress0 (482 bytes)
Event: 0.517 Thread 0x0000020e11511000 nmethod 927 0x0000020e00724290 code [0x0000020e007244a0, 0x0000020e00724d58]

GC Heap History (4 events):
Event: 0.347 GC heap before
{Heap before GC invocations=0 (full 0):
 garbage-first heap   total 129024K, used 14336K [0x0000000083000000, 0x0000000100000000)
  region size 1024K, 14 young (14336K), 0 survivors (0K)
 Metaspace       used 9621K, capacity 9798K, committed 10112K, reserved 1058816K
  class space    used 955K, capacity 1043K, committed 1152K, reserved 1048576K
}
Event: 0.351 GC heap after
{Heap after GC invocations=1 (full 0):
 garbage-first heap   total 129024K, used 2853K [0x0000000083000000, 0x0000000100000000)
  region size 1024K, 2 young (2048K), 2 survivors (2048K)
 Metaspace       used 9621K, capacity 9798K, committed 10112K, reserved 1058816K
  class space    used 955K, capacity 1043K, committed 1152K, reserved 1048576K
}
Event: 0.521 GC heap before
{Heap before GC invocations=1 (full 0):
 garbage-first heap   total 129024K, used 10021K [0x0000000083000000, 0x0000000100000000)
  region size 1024K, 10 young (10240K), 2 survivors (2048K)
 Metaspace       used 12440K, capacity 12657K, committed 12672K, reserved 1067008K
  class space    used 1311K, capacity 1407K, committed 1408K, reserved 1048576K
}
Event: 0.524 GC heap after
{Heap after GC invocations=2 (full 0):
 garbage-first heap   total 129024K, used 3612K [0x0000000083000000, 0x0000000100000000)
  region size 1024K, 1 young (1024K), 1 survivors (1024K)
 Metaspace       used 12440K, capacity 12657K, committed 12672K, reserved 1067008K
  class space    used 1311K, capacity 1407K, committed 1408K, reserved 1048576K
}

Deoptimization events (8 events):
Event: 0.069 Thread 0x0000020e710a8800 Uncommon trap: reason=unstable_if action=reinterpret pc=0x0000020e07ac5000 method=java.lang.String.hashCode()I @ 14 c2
Event: 0.177 Thread 0x0000020e710a8800 Uncommon trap: reason=unstable_if action=reinterpret pc=0x0000020e07ac9680 method=java.io.WinNTFileSystem.isSlash(C)Z @ 9 c2
Event: 0.216 Thread 0x0000020e710a8800 Uncommon trap: reason=unstable_if action=reinterpret pc=0x0000020e07add040 method=java.io.BufferedReader.read()I @ 19 c2
Event: 0.216 Thread 0x0000020e710a8800 Uncommon trap: reason=unstable_if action=reinterpret pc=0x0000020e07adc9e8 method=java.io.BufferedReader.read()I @ 19 c2
Event: 0.217 Thread 0x0000020e710a8800 Uncommon trap: reason=unstable_if action=reinterpret pc=0x0000020e07acf900 method=java.lang.StringCoding.hasNegatives([BII)Z @ 12 c2
Event: 0.217 Thread 0x0000020e710a8800 Uncommon trap: reason=unstable_if action=reinterpret pc=0x0000020e07ad92c4 method=java.lang.AbstractStringBuilder.putStringAt(ILjava/lang/String;)V @ 8 c2
Event: 0.217 Thread 0x0000020e710a8800 Uncommon trap: reason=unstable_if action=reinterpret pc=0x0000020e07adc128 method=java.lang.AbstractStringBuilder.putStringAt(ILjava/lang/String;)V @ 8 c2
Event: 0.217 Thread 0x0000020e710a8800 Uncommon trap: reason=unstable_if action=reinterpret pc=0x0000020e07adb96c method=java.lang.String.getBytes([BIB)V @ 5 c2

Classes redefined (0 events):
No events

Internal exceptions (10 events):
Event: 0.215 Thread 0x0000020e710a8800 Exception <a 'java/lang/ClassNotFoundException'{0x000000008a500090}: javax/smartcardio/CardPermission> (0x000000008a500090) thrown at [./open/src/hotspot/share/classfile/systemDictionary.cpp, line 228]
Event: 0.217 Thread 0x0000020e710a8800 Exception <a 'java/io/FileNotFoundException'{0x000000008a50e5e0}> (0x000000008a50e5e0) thrown at [./open/src/hotspot/share/prims/jni.cpp, line 611]
Event: 0.257 Thread 0x0000020e710a8800 Exception <a 'java/lang/NoSuchMethodError'{0x000000008a4b7940}: java.lang.invoke.DirectMethodHandle$Holder.invokeStatic(Ljava/lang/Object;Ljava/lang/Object;Ljava/lang/Object;Ljava/lang/Object;Ljava/lang/Object;Ljava/lang/Object;Ljava/lang/Object;Ljava/lan
Event: 0.259 Thread 0x0000020e710a8800 Exception <a 'java/lang/NoSuchMethodError'{0x000000008a4c5ad0}: java.lang.invoke.DirectMethodHandle$Holder.invokeStatic(Ljava/lang/Object;Ljava/lang/Object;Ljava/lang/Object;Ljava/lang/Object;Ljava/lang/Object;Ljava/lang/Object;Ljava/lang/Object;Ljava/lan
Event: 0.262 Thread 0x0000020e710a8800 Exception <a 'java/lang/NoSuchMethodError'{0x000000008a4d4c78}: java.lang.invoke.DirectMethodHandle$Holder.invokeSpecial(Ljava/lang/Object;Ljava/lang/Object;IILjava/lang/Object;Ljava/lang/Object;Ljava/lang/Object;)Ljava/lang/Object;> (0x000000008a4d4c78) 
Event: 0.262 Thread 0x0000020e710a8800 Exception <a 'java/lang/NoSuchMethodError'{0x000000008a4d8440}: java.lang.invoke.DelegatingMethodHandle$Holder.reinvoke_L(Ljava/lang/Object;IILjava/lang/Object;Ljava/lang/Object;Ljava/lang/Object;)Ljava/lang/Object;> (0x000000008a4d8440) thrown at [./open
Event: 0.263 Thread 0x0000020e710a8800 Exception <a 'java/lang/NoSuchMethodError'{0x000000008a4dc8c0}: java.lang.invoke.DirectMethodHandle$Holder.invokeStatic(Ljava/lang/Object;Ljava/lang/Object;Ljava/lang/Object;Ljava/lang/Object;I)Ljava/lang/Object;> (0x000000008a4dc8c0) thrown at [./open/sr
Event: 0.357 Thread 0x0000020e710a8800 Exception <a 'java/lang/NoSuchMethodError'{0x000000008ad3db78}: java.lang.invoke.DirectMethodHandle$Holder.invokeStaticInit(Ljava/lang/Object;Ljava/lang/Object;Ljava/lang/Object;)Ljava/lang/Object;> (0x000000008ad3db78) thrown at [./open/src/hotspot/share
Event: 0.394 Thread 0x0000020e710a8800 Exception <a 'java/lang/NoSuchMethodError'{0x000000008abaff98}: java.lang.invoke.DirectMethodHandle$Holder.invokeVirtual(Ljava/lang/Object;Ljava/lang/Object;Ljava/lang/Object;Ljava/lang/Object;)I> (0x000000008abaff98) thrown at [./open/src/hotspot/share/i
Event: 0.506 Thread 0x0000020e710a8800 Exception <a 'java/lang/NoSuchMethodError'{0x000000008a6be088}: java.lang.invoke.DirectMethodHandle$Holder.invokeStaticInit(Ljava/lang/Object;IIII)Ljava/lang/Object;> (0x000000008a6be088) thrown at [./open/src/hotspot/share/interpreter/linkResolver.cpp, l

Events (10 events):
Event: 0.518 loading class java/util/concurrent/ConcurrentSkipListSet
Event: 0.519 loading class java/util/NavigableSet
Event: 0.519 loading class java/util/SortedSet
Event: 0.519 loading class java/util/SortedSet done
Event: 0.519 loading class java/util/NavigableSet done
Event: 0.519 loading class java/util/concurrent/ConcurrentSkipListSet done
Event: 0.519 loading class java/util/concurrent/ConcurrentSkipListMap
Event: 0.520 loading class java/util/concurrent/ConcurrentNavigableMap
Event: 0.520 loading class java/util/concurrent/ConcurrentNavigableMap done
Event: 0.521 Executing VM operation: CollectForMetadataAllocation


Dynamic libraries:
0x00007ff633ae0000 - 0x00007ff633aef000 	C:\Program Files\Java\jdk-11.0.12\bin\java.exe
0x00007ffdbb5b0000 - 0x00007ffdbb7a8000 	C:\Windows\SYSTEM32\ntdll.dll
0x00007ffdbb4b0000 - 0x00007ffdbb56d000 	C:\Windows\System32\KERNEL32.DLL
0x00007ffdb91d0000 - 0x00007ffdb94c6000 	C:\Windows\System32\KERNELBASE.dll
0x00007ffdb8d00000 - 0x00007ffdb8e00000 	C:\Windows\System32\ucrtbase.dll
0x00007ffd8dd80000 - 0x00007ffd8dd95000 	C:\Program Files\Java\jdk-11.0.12\bin\VCRUNTIME140.dll
0x00007ffd8dda0000 - 0x00007ffd8ddb8000 	C:\Program Files\Java\jdk-11.0.12\bin\jli.dll
0x00007ffdbadc0000 - 0x00007ffdbae6e000 	C:\Windows\System32\ADVAPI32.dll
0x00007ffdba770000 - 0x00007ffdba80e000 	C:\Windows\System32\msvcrt.dll
0x00007ffdba530000 - 0x00007ffdba5cc000 	C:\Windows\System32\sechost.dll
0x00007ffdbb380000 - 0x00007ffdbb4a6000 	C:\Windows\System32\RPCRT4.dll
0x00007ffdbb030000 - 0x00007ffdbb1ce000 	C:\Windows\System32\USER32.dll
0x00007ffdb95e0000 - 0x00007ffdb9602000 	C:\Windows\System32\win32u.dll
0x00007ffdba5d0000 - 0x00007ffdba5fc000 	C:\Windows\System32\GDI32.dll
0x00007ffdb90b0000 - 0x00007ffdb91ca000 	C:\Windows\System32\gdi32full.dll
0x00007ffdb9010000 - 0x00007ffdb90ad000 	C:\Windows\System32\msvcp_win.dll
0x00007ffd9ebe0000 - 0x00007ffd9ee7a000 	C:\Windows\WinSxS\amd64_microsoft.windows.common-controls_6595b64144ccf1df_6.0.19041.1110_none_60b5254171f9507e\COMCTL32.dll
0x00007ffdaffc0000 - 0x00007ffdaffca000 	C:\Windows\SYSTEM32\VERSION.dll
0x00007ffdba740000 - 0x00007ffdba770000 	C:\Windows\System32\IMM32.DLL
0x00007ffd8dce0000 - 0x00007ffd8dd7b000 	C:\Program Files\Java\jdk-11.0.12\bin\msvcp140.dll
0x00007ffd8cc00000 - 0x00007ffd8d6ff000 	C:\Program Files\Java\jdk-11.0.12\bin\server\jvm.dll
0x00007ffdbb020000 - 0x00007ffdbb028000 	C:\Windows\System32\PSAPI.DLL
0x00007ffd93dc0000 - 0x00007ffd93dc9000 	C:\Windows\SYSTEM32\WSOCK32.dll
0x00007ffd92b70000 - 0x00007ffd92b97000 	C:\Windows\SYSTEM32\WINMM.dll
0x00007ffdb9aa0000 - 0x00007ffdb9b0b000 	C:\Windows\System32\WS2_32.dll
0x00007ffdb74b0000 - 0x00007ffdb74c2000 	C:\Windows\SYSTEM32\kernel.appcore.dll
0x00007ffd8dc90000 - 0x00007ffd8dca0000 	C:\Program Files\Java\jdk-11.0.12\bin\verify.dll
0x00007ffda32f0000 - 0x00007ffda34d4000 	C:\Windows\SYSTEM32\DBGHELP.DLL
0x00007ffd9c750000 - 0x00007ffd9c784000 	C:\Windows\SYSTEM32\dbgcore.DLL
0x00007ffdb9520000 - 0x00007ffdb95a2000 	C:\Windows\System32\bcryptPrimitives.dll
0x00007ffd8cb80000 - 0x00007ffd8cba8000 	C:\Program Files\Java\jdk-11.0.12\bin\java.dll
0x00007ffd8dc80000 - 0x00007ffd8dc8a000 	C:\Program Files\Java\jdk-11.0.12\bin\jimage.dll
0x00007ffd8c980000 - 0x00007ffd8c996000 	C:\Program Files\Java\jdk-11.0.12\bin\zip.dll
0x00007ffdb9c20000 - 0x00007ffdba365000 	C:\Windows\System32\SHELL32.dll
0x00007ffdb6d00000 - 0x00007ffdb749b000 	C:\Windows\SYSTEM32\windows.storage.dll
0x00007ffdb9740000 - 0x00007ffdb9a94000 	C:\Windows\System32\combase.dll
0x00007ffdb8660000 - 0x00007ffdb868e000 	C:\Windows\SYSTEM32\Wldp.dll
0x00007ffdba370000 - 0x00007ffdba41d000 	C:\Windows\System32\SHCORE.dll
0x00007ffdb9610000 - 0x00007ffdb9665000 	C:\Windows\System32\shlwapi.dll
0x00007ffdb8bc0000 - 0x00007ffdb8be5000 	C:\Windows\SYSTEM32\profapi.dll
0x00007ffd8bda0000 - 0x00007ffd8bdb9000 	C:\Program Files\Java\jdk-11.0.12\bin\net.dll
0x00007ffda7d10000 - 0x00007ffda7e1a000 	C:\Windows\SYSTEM32\WINHTTP.dll
0x00007ffdb8360000 - 0x00007ffdb83ca000 	C:\Windows\system32\mswsock.dll
0x00007ffd8bd80000 - 0x00007ffd8bd92000 	C:\Program Files\Java\jdk-11.0.12\bin\nio.dll
0x00007ffdb85b0000 - 0x00007ffdb85c8000 	C:\Windows\SYSTEM32\CRYPTSP.dll
0x00007ffdb7c70000 - 0x00007ffdb7ca4000 	C:\Windows\system32\rsaenh.dll
0x00007ffdb95b0000 - 0x00007ffdb95d7000 	C:\Windows\System32\bcrypt.dll
0x00007ffdb8b40000 - 0x00007ffdb8b6e000 	C:\Windows\SYSTEM32\USERENV.dll
0x00007ffdb85d0000 - 0x00007ffdb85dc000 	C:\Windows\SYSTEM32\CRYPTBASE.dll

dbghelp: loaded successfully - version: 4.0.5 - missing functions: none
symbol engine: initialized successfully - sym options: 0x614 - pdb path: .;C:\Program Files\Java\jdk-11.0.12\bin;C:\Windows\SYSTEM32;C:\Windows\WinSxS\amd64_microsoft.windows.common-controls_6595b64144ccf1df_6.0.19041.1110_none_60b5254171f9507e;C:\Program Files\Java\jdk-11.0.12\bin\server

VM Arguments:
java_command: io.qameta.allure.CommandLine serve C:\Users\User\jenkins_practice\build\allure-results
java_class_path (initial): C:\Users\User\jenkins_practice\build\allure\commandline\lib\allure-commandline-2.24.0.jar;C:\Users\User\jenkins_practice\build\allure\commandline\lib\allure-generator-2.24.0.jar;C:\Users\User\jenkins_practice\build\allure\commandline\lib\allure-model-2.23.0.jar;C:\Users\User\jenkins_practice\build\allure\commandline\lib\allure-plugin-api-2.24.0.jar;C:\Users\User\jenkins_practice\build\allure\commandline\lib\allure1-model-1.0.jar;C:\Users\User\jenkins_practice\build\allure\commandline\lib\annotations-15.0.jar;C:\Users\User\jenkins_practice\build\allure\commandline\lib\commons-beanutils-1.9.4.jar;C:\Users\User\jenkins_practice\build\allure\commandline\lib\commons-codec-1.11.jar;C:\Users\User\jenkins_practice\build\allure\commandline\lib\commons-collections-3.2.2.jar;C:\Users\User\jenkins_practice\build\allure\commandline\lib\commons-collections4-4.2.jar;C:\Users\User\jenkins_practice\build\allure\commandline\lib\commons-io-2.13.0.jar;C:\Users\User\jenkins_practice\build\allure\commandline\lib\commons-lang3-3.13.0.jar;C:\Users\User\jenkins_practice\build\allure\commandline\lib\commons-logging-1.2.jar;C:\Users\User\jenkins_practice\build\allure\commandline\lib\commons-text-1.3.jar;C:\Users\User\jenkins_practice\build\allure\commandline\lib\flexmark-0.62.2.jar;C:\Users\User\jenkins_practice\build\allure\commandline\lib\flexmark-ext-tables-0.62.2.jar;C:\Users\User\jenkins_practice\build\allure\commandline\lib\flexmark-util-0.62.2.jar;C:\Users\User\jenkins_practice\build\allure\commandline\lib\flexmark-util-ast-0.62.2.jar;C:\Users\User\jenkins_practice\build\allure\commandline\lib\flexmark-util-builder-0.62.2.jar;C:\Users\User\jenkins_practice\build\allure\commandline\lib\flexmark-util-collection-0.62.2.jar;C:\Users\User\jenkins_practice\build\allure\commandline\lib\flexmark-util-data-0.62.2.jar;C:\Users\User\jenkins_practice\build\allure\commandline\lib\flexmark-util-dependency-0.62.2.jar;C:\Users\User\jenkins_practice\build\allure\commandline
Launcher Type: SUN_STANDARD

[Global flags]
     intx CICompilerCount                          = 3                                         {product} {ergonomic}
     uint ConcGCThreads                            = 1                                         {product} {ergonomic}
     uint G1ConcRefinementThreads                  = 4                                         {product} {ergonomic}
   size_t G1HeapRegionSize                         = 1048576                                   {product} {ergonomic}
    uintx GCDrainStackTargetSize                   = 64                                        {product} {ergonomic}
   size_t InitialHeapSize                          = 132120576                                 {product} {ergonomic}
   size_t MarkStackSize                            = 4194304                                   {product} {ergonomic}
   size_t MaxHeapSize                              = 2097152000                                {product} {ergonomic}
   size_t MaxNewSize                               = 1258291200                                {product} {ergonomic}
   size_t MinHeapDeltaBytes                        = 1048576                                   {product} {ergonomic}
    uintx NonNMethodCodeHeapSize                   = 5830732                                {pd product} {ergonomic}
    uintx NonProfiledCodeHeapSize                  = 122913754                              {pd product} {ergonomic}
    uintx ProfiledCodeHeapSize                     = 122913754                              {pd product} {ergonomic}
    uintx ReservedCodeCacheSize                    = 251658240                              {pd product} {ergonomic}
     bool SegmentedCodeCache                       = true                                      {product} {ergonomic}
     bool UseCompressedClassPointers               = true                                 {lp64_product} {ergonomic}
     bool UseCompressedOops                        = true                                 {lp64_product} {ergonomic}
     bool UseG1GC                                  = true                                      {product} {ergonomic}
     bool UseLargePagesIndividualAllocation        = false                                  {pd product} {ergonomic}

Logging:
Log output configuration:
 #0: stdout all=warning uptime,level,tags
 #1: stderr all=off uptime,level,tags

Environment Variables:
JAVA_HOME=C:\Program Files\Java\jdk-11.0.12
CLASSPATH=C:\Users\User\jenkins_practice\build\allure\commandline\lib\*;C:\Users\User\jenkins_practice\build\allure\commandline\lib\config
PATH=C:\Program Files\Common Files\Oracle\Java\javapath;C:\Windows\system32;C:\Windows;C:\Windows\System32\Wbem;C:\Windows\System32\WindowsPowerShell\v1.0\;C:\Windows\System32\OpenSSH\;C:\Program Files\7-Zip;C:\Program Files\Git\cmd;C:\Users\User\apache-maven-3.8.6\bin;C:\Gradle\bin;C:\Users\User\AppData\Local\Microsoft\WindowsApps;;C:\Program Files\JetBrains\IntelliJ IDEA Community Edition 2021.2.2\bin;
USERNAME=User
OS=Windows_NT
PROCESSOR_IDENTIFIER=Intel64 Family 6 Model 142 Stepping 12, GenuineIntel



---------------  S Y S T E M  ---------------

OS: Windows 10 , 64 bit Build 19041 (10.0.19041.3393)

CPU:total 4 (initial active 4) (2 cores per cpu, 2 threads per core) family 6 model 142 stepping 12 microcode 0xd6, cmov, cx8, fxsr, mmx, sse, sse2, sse3, ssse3, sse4.1, sse4.2, popcnt, avx, avx2, aes, clmul, erms, 3dnowpref, lzcnt, ht, tsc, tscinvbit, bmi1, bmi2, adx, fma

Memory: 4k page, system-wide physical 7996M (694M free)
TotalPageFile size 7996M (AvailPageFile size 5M)
current process WorkingSet (physical memory assigned to process): 71M, peak: 71M
current process commit charge ("private bytes"): 213M, peak: 214M

vm_info: Java HotSpot(TM) 64-Bit Server VM (11.0.12+8-LTS-237) for windows-amd64 JRE (11.0.12+8-LTS-237), built on Jun  8 2021 11:25:59 by "mach5one" with MS VC++ 15.9 (VS2017)

END.
