#
# There is insufficient memory for the Java Runtime Environment to continue.
# Native memory allocation (malloc) failed to allocate 361616 bytes for Chunk::new
# Possible reasons:
#   The system is out of physical RAM or swap space
#   The process is running with CompressedOops enabled, and the Java Heap may be blocking the growth of the native heap
# Possible solutions:
#   Reduce memory load on the system
#   Increase physical memory or swap space
#   Check if swap backing store is full
#   Decrease Java heap size (-Xmx/-Xms)
#   Decrease number of Java threads
#   Decrease Java thread stack sizes (-Xss)
#   Set larger code cache with -XX:ReservedCodeCacheSize=
#   JVM is running with Unscaled Compressed Oops mode in which the Java heap is
#     placed in the first 4GB address space. The Java Heap base address is the
#     maximum limit for the native heap growth. Please use -XX:HeapBaseMinAddress
#     to set the Java Heap base and to place the Java Heap above 4GB virtual address.
# This output file may be truncated or incomplete.
#
#  Out of Memory Error (./open/src/hotspot/share/memory/arena.cpp:197), pid=10744, tid=9408
#
# JRE version: Java(TM) SE Runtime Environment 18.9 (11.0.12+8) (build 11.0.12+8-LTS-237)
# Java VM: Java HotSpot(TM) 64-Bit Server VM 18.9 (11.0.12+8-LTS-237, mixed mode, tiered, compressed oops, g1 gc, windows-amd64)
# No core dump will be written. Minidumps are not enabled by default on client versions of Windows
#

---------------  S U M M A R Y ------------

Command Line: io.qameta.allure.CommandLine serve C:\Users\User\jenkins_practice\build\allure-results

Host: Intel(R) Core(TM) i3-10110U CPU @ 2.10GHz, 4 cores, 7G,  Windows 10 , 64 bit Build 19041 (10.0.19041.3393)
Time: Thu Sep 14 21:08:29 2023 Беларусь (зима) elapsed time: 1.319882 seconds (0d 0h 0m 1s)

---------------  T H R E A D  ---------------

Current thread (0x000002a003053000):  JavaThread "C2 CompilerThread1" daemon [_thread_in_native, id=9408, stack(0x000000ac47d00000,0x000000ac47e00000)]


Current CompileTask:
C2:   1319 1921       4       java.lang.reflect.ProxyGenerator$ConstantPool::getUtf8 (18 bytes)

Stack: [0x000000ac47d00000,0x000000ac47e00000]
Native frames: (J=compiled Java code, j=interpreted, Vv=VM code, C=native code)
V  [jvm.dll+0x617d9a]
V  [jvm.dll+0x74eeef]
V  [jvm.dll+0x750599]
V  [jvm.dll+0x750c23]
V  [jvm.dll+0x2438d8]
V  [jvm.dll+0xba6dc]
V  [jvm.dll+0xbac9c]
V  [jvm.dll+0x3469b7]
V  [jvm.dll+0x194071]
V  [jvm.dll+0x1fd212]
V  [jvm.dll+0x1fc2ed]
V  [jvm.dll+0x17f18c]
V  [jvm.dll+0x20b87c]
V  [jvm.dll+0x20997b]
V  [jvm.dll+0x716359]
V  [jvm.dll+0x70f064]
V  [jvm.dll+0x616f66]
C  [ucrtbase.dll+0x21bb2]
C  [KERNEL32.DLL+0x17344]
C  [ntdll.dll+0x526b1]


---------------  P R O C E S S  ---------------

Threads class SMR info:
_java_thread_list=0x000002a00455cbb0, length=14, elements={
0x000002a063e7c800, 0x000002a0022ad000, 0x000002a0022d8800, 0x000002a0022e6800,
0x000002a0022e7800, 0x000002a0022e9800, 0x000002a0022f3000, 0x000002a0022f4800,
0x000002a002302000, 0x000002a002dda800, 0x000002a003053000, 0x000002a0041e3000,
0x000002a003714800, 0x000002a0041c8000
}

Java Threads: ( => current thread )
  0x000002a063e7c800 JavaThread "main" [_thread_in_Java, id=13024, stack(0x000000ac46c00000,0x000000ac46d00000)]
  0x000002a0022ad000 JavaThread "Reference Handler" daemon [_thread_blocked, id=4284, stack(0x000000ac47300000,0x000000ac47400000)]
  0x000002a0022d8800 JavaThread "Finalizer" daemon [_thread_blocked, id=7660, stack(0x000000ac47400000,0x000000ac47500000)]
  0x000002a0022e6800 JavaThread "Signal Dispatcher" daemon [_thread_blocked, id=13116, stack(0x000000ac47500000,0x000000ac47600000)]
  0x000002a0022e7800 JavaThread "Attach Listener" daemon [_thread_blocked, id=2968, stack(0x000000ac47600000,0x000000ac47700000)]
  0x000002a0022e9800 JavaThread "Service Thread" daemon [_thread_blocked, id=5964, stack(0x000000ac47700000,0x000000ac47800000)]
  0x000002a0022f3000 JavaThread "C2 CompilerThread0" daemon [_thread_in_native, id=11736, stack(0x000000ac47800000,0x000000ac47900000)]
  0x000002a0022f4800 JavaThread "C1 CompilerThread0" daemon [_thread_in_native, id=3276, stack(0x000000ac47900000,0x000000ac47a00000)]
  0x000002a002302000 JavaThread "Sweeper thread" daemon [_thread_blocked, id=6452, stack(0x000000ac47a00000,0x000000ac47b00000)]
  0x000002a002dda800 JavaThread "Common-Cleaner" daemon [_thread_blocked, id=13196, stack(0x000000ac47c00000,0x000000ac47d00000)]
=>0x000002a003053000 JavaThread "C2 CompilerThread1" daemon [_thread_in_native, id=9408, stack(0x000000ac47d00000,0x000000ac47e00000)]
  0x000002a0041e3000 JavaThread "ForkJoinPool.commonPool-worker-3" daemon [_thread_blocked, id=7924, stack(0x000000ac48000000,0x000000ac48100000)]
  0x000002a003714800 JavaThread "ForkJoinPool.commonPool-worker-5" daemon [_thread_blocked, id=7780, stack(0x000000ac48100000,0x000000ac48200000)]
  0x000002a0041c8000 JavaThread "ForkJoinPool.commonPool-worker-7" daemon [_thread_blocked, id=1836, stack(0x000000ac48200000,0x000000ac48300000)]

Other Threads:
  0x000002a0022ab800 VMThread "VM Thread" [stack: 0x000000ac47200000,0x000000ac47300000] [id=7532]
  0x000002a002dd7800 WatcherThread [stack: 0x000000ac47b00000,0x000000ac47c00000] [id=8988]
  0x000002a063e91800 GCTaskThread "GC Thread#0" [stack: 0x000000ac46d00000,0x000000ac46e00000] [id=12804]
  0x000002a0035f7800 GCTaskThread "GC Thread#1" [stack: 0x000000ac47e00000,0x000000ac47f00000] [id=2720]
  0x000002a003597000 GCTaskThread "GC Thread#2" [stack: 0x000000ac47f00000,0x000000ac48000000] [id=4876]
  0x000002a063ebc800 ConcurrentGCThread "G1 Main Marker" [stack: 0x000000ac46e00000,0x000000ac46f00000] [id=7156]
  0x000002a063ec0000 ConcurrentGCThread "G1 Conc#0" [stack: 0x000000ac46f00000,0x000000ac47000000] [id=6372]
  0x000002a002120800 ConcurrentGCThread "G1 Refine#0" [stack: 0x000000ac47000000,0x000000ac47100000] [id=9048]
  0x000002a002121800 ConcurrentGCThread "G1 Young RemSet Sampling" [stack: 0x000000ac47100000,0x000000ac47200000] [id=11684]

Threads with active compile tasks:
C2 CompilerThread0   1334 1958       4       java.util.WeakHashMap::put (162 bytes)
C1 CompilerThread0   1334 2019       3       java.lang.invoke.MethodHandles::identity (87 bytes)
C2 CompilerThread1   1334 1921       4       java.lang.reflect.ProxyGenerator$ConstantPool::getUtf8 (18 bytes)

VM state:not at safepoint (normal execution)

VM Mutex/Monitor currently owned by a thread: None

Heap address: 0x0000000083000000, size: 2000 MB, Compressed Oops mode: 32-bit
Narrow klass base: 0x0000000000000000, Narrow klass shift: 3
Compressed class space size: 1073741824 Address: 0x0000000100000000

Heap:
 garbage-first heap   total 129024K, used 25565K [0x0000000083000000, 0x0000000100000000)
  region size 1024K, 26 young (26624K), 5 survivors (5120K)
 Metaspace       used 25910K, capacity 26926K, committed 27184K, reserved 1079296K
  class space    used 2900K, capacity 3186K, committed 3200K, reserved 1048576K
Heap Regions: E=young(eden), S=young(survivor), O=old, HS=humongous(starts), HC=humongous(continues), CS=collection set, F=free, A=archive, TAMS=top-at-mark-start (previous, next)
|   0|0x0000000083000000, 0x00000000830ca200, 0x0000000083100000| 78%| O|  |TAMS 0x00000000830ca200, 0x0000000083000000| Untracked 
|   1|0x0000000083100000, 0x0000000083100000, 0x0000000083200000|  0%| F|  |TAMS 0x0000000083100000, 0x0000000083100000| Untracked 
|   2|0x0000000083200000, 0x0000000083200000, 0x0000000083300000|  0%| F|  |TAMS 0x0000000083200000, 0x0000000083200000| Untracked 
|   3|0x0000000083300000, 0x0000000083300000, 0x0000000083400000|  0%| F|  |TAMS 0x0000000083300000, 0x0000000083300000| Untracked 
|   4|0x0000000083400000, 0x0000000083400000, 0x0000000083500000|  0%| F|  |TAMS 0x0000000083400000, 0x0000000083400000| Untracked 
|   5|0x0000000083500000, 0x0000000083500000, 0x0000000083600000|  0%| F|  |TAMS 0x0000000083500000, 0x0000000083500000| Untracked 
|   6|0x0000000083600000, 0x0000000083600000, 0x0000000083700000|  0%| F|  |TAMS 0x0000000083600000, 0x0000000083600000| Untracked 
|   7|0x0000000083700000, 0x0000000083700000, 0x0000000083800000|  0%| F|  |TAMS 0x0000000083700000, 0x0000000083700000| Untracked 
|   8|0x0000000083800000, 0x0000000083800000, 0x0000000083900000|  0%| F|  |TAMS 0x0000000083800000, 0x0000000083800000| Untracked 
|   9|0x0000000083900000, 0x0000000083900000, 0x0000000083a00000|  0%| F|  |TAMS 0x0000000083900000, 0x0000000083900000| Untracked 
|  10|0x0000000083a00000, 0x0000000083a00000, 0x0000000083b00000|  0%| F|  |TAMS 0x0000000083a00000, 0x0000000083a00000| Untracked 
|  11|0x0000000083b00000, 0x0000000083b00000, 0x0000000083c00000|  0%| F|  |TAMS 0x0000000083b00000, 0x0000000083b00000| Untracked 
|  12|0x0000000083c00000, 0x0000000083c00000, 0x0000000083d00000|  0%| F|  |TAMS 0x0000000083c00000, 0x0000000083c00000| Untracked 
|  13|0x0000000083d00000, 0x0000000083d00000, 0x0000000083e00000|  0%| F|  |TAMS 0x0000000083d00000, 0x0000000083d00000| Untracked 
|  14|0x0000000083e00000, 0x0000000083e00000, 0x0000000083f00000|  0%| F|  |TAMS 0x0000000083e00000, 0x0000000083e00000| Untracked 
|  15|0x0000000083f00000, 0x0000000083f00000, 0x0000000084000000|  0%| F|  |TAMS 0x0000000083f00000, 0x0000000083f00000| Untracked 
|  16|0x0000000084000000, 0x0000000084000000, 0x0000000084100000|  0%| F|  |TAMS 0x0000000084000000, 0x0000000084000000| Untracked 
|  17|0x0000000084100000, 0x0000000084100000, 0x0000000084200000|  0%| F|  |TAMS 0x0000000084100000, 0x0000000084100000| Untracked 
|  18|0x0000000084200000, 0x0000000084200000, 0x0000000084300000|  0%| F|  |TAMS 0x0000000084200000, 0x0000000084200000| Untracked 
|  19|0x0000000084300000, 0x0000000084300000, 0x0000000084400000|  0%| F|  |TAMS 0x0000000084300000, 0x0000000084300000| Untracked 
|  20|0x0000000084400000, 0x0000000084400000, 0x0000000084500000|  0%| F|  |TAMS 0x0000000084400000, 0x0000000084400000| Untracked 
|  21|0x0000000084500000, 0x0000000084500000, 0x0000000084600000|  0%| F|  |TAMS 0x0000000084500000, 0x0000000084500000| Untracked 
|  22|0x0000000084600000, 0x0000000084600000, 0x0000000084700000|  0%| F|  |TAMS 0x0000000084600000, 0x0000000084600000| Untracked 
|  23|0x0000000084700000, 0x0000000084700000, 0x0000000084800000|  0%| F|  |TAMS 0x0000000084700000, 0x0000000084700000| Untracked 
|  24|0x0000000084800000, 0x0000000084800000, 0x0000000084900000|  0%| F|  |TAMS 0x0000000084800000, 0x0000000084800000| Untracked 
|  25|0x0000000084900000, 0x0000000084900000, 0x0000000084a00000|  0%| F|  |TAMS 0x0000000084900000, 0x0000000084900000| Untracked 
|  26|0x0000000084a00000, 0x0000000084a00000, 0x0000000084b00000|  0%| F|  |TAMS 0x0000000084a00000, 0x0000000084a00000| Untracked 
|  27|0x0000000084b00000, 0x0000000084b00000, 0x0000000084c00000|  0%| F|  |TAMS 0x0000000084b00000, 0x0000000084b00000| Untracked 
|  28|0x0000000084c00000, 0x0000000084c00000, 0x0000000084d00000|  0%| F|  |TAMS 0x0000000084c00000, 0x0000000084c00000| Untracked 
|  29|0x0000000084d00000, 0x0000000084d00000, 0x0000000084e00000|  0%| F|  |TAMS 0x0000000084d00000, 0x0000000084d00000| Untracked 
|  30|0x0000000084e00000, 0x0000000084e00000, 0x0000000084f00000|  0%| F|  |TAMS 0x0000000084e00000, 0x0000000084e00000| Untracked 
|  31|0x0000000084f00000, 0x0000000084f00000, 0x0000000085000000|  0%| F|  |TAMS 0x0000000084f00000, 0x0000000084f00000| Untracked 
|  32|0x0000000085000000, 0x0000000085000000, 0x0000000085100000|  0%| F|  |TAMS 0x0000000085000000, 0x0000000085000000| Untracked 
|  33|0x0000000085100000, 0x0000000085100000, 0x0000000085200000|  0%| F|  |TAMS 0x0000000085100000, 0x0000000085100000| Untracked 
|  34|0x0000000085200000, 0x0000000085200000, 0x0000000085300000|  0%| F|  |TAMS 0x0000000085200000, 0x0000000085200000| Untracked 
|  35|0x0000000085300000, 0x0000000085300000, 0x0000000085400000|  0%| F|  |TAMS 0x0000000085300000, 0x0000000085300000| Untracked 
|  36|0x0000000085400000, 0x0000000085400000, 0x0000000085500000|  0%| F|  |TAMS 0x0000000085400000, 0x0000000085400000| Untracked 
|  37|0x0000000085500000, 0x0000000085500000, 0x0000000085600000|  0%| F|  |TAMS 0x0000000085500000, 0x0000000085500000| Untracked 
|  38|0x0000000085600000, 0x0000000085600000, 0x0000000085700000|  0%| F|  |TAMS 0x0000000085600000, 0x0000000085600000| Untracked 
|  39|0x0000000085700000, 0x0000000085700000, 0x0000000085800000|  0%| F|  |TAMS 0x0000000085700000, 0x0000000085700000| Untracked 
|  40|0x0000000085800000, 0x0000000085800000, 0x0000000085900000|  0%| F|  |TAMS 0x0000000085800000, 0x0000000085800000| Untracked 
|  41|0x0000000085900000, 0x0000000085900000, 0x0000000085a00000|  0%| F|  |TAMS 0x0000000085900000, 0x0000000085900000| Untracked 
|  42|0x0000000085a00000, 0x0000000085a00000, 0x0000000085b00000|  0%| F|  |TAMS 0x0000000085a00000, 0x0000000085a00000| Untracked 
|  43|0x0000000085b00000, 0x0000000085b00000, 0x0000000085c00000|  0%| F|  |TAMS 0x0000000085b00000, 0x0000000085b00000| Untracked 
|  44|0x0000000085c00000, 0x0000000085c00000, 0x0000000085d00000|  0%| F|  |TAMS 0x0000000085c00000, 0x0000000085c00000| Untracked 
|  45|0x0000000085d00000, 0x0000000085d00000, 0x0000000085e00000|  0%| F|  |TAMS 0x0000000085d00000, 0x0000000085d00000| Untracked 
|  46|0x0000000085e00000, 0x0000000085e00000, 0x0000000085f00000|  0%| F|  |TAMS 0x0000000085e00000, 0x0000000085e00000| Untracked 
|  47|0x0000000085f00000, 0x0000000085f00000, 0x0000000086000000|  0%| F|  |TAMS 0x0000000085f00000, 0x0000000085f00000| Untracked 
|  48|0x0000000086000000, 0x0000000086000000, 0x0000000086100000|  0%| F|  |TAMS 0x0000000086000000, 0x0000000086000000| Untracked 
|  49|0x0000000086100000, 0x0000000086100000, 0x0000000086200000|  0%| F|  |TAMS 0x0000000086100000, 0x0000000086100000| Untracked 
|  50|0x0000000086200000, 0x0000000086200000, 0x0000000086300000|  0%| F|  |TAMS 0x0000000086200000, 0x0000000086200000| Untracked 
|  51|0x0000000086300000, 0x0000000086300000, 0x0000000086400000|  0%| F|  |TAMS 0x0000000086300000, 0x0000000086300000| Untracked 
|  52|0x0000000086400000, 0x0000000086400000, 0x0000000086500000|  0%| F|  |TAMS 0x0000000086400000, 0x0000000086400000| Untracked 
|  53|0x0000000086500000, 0x0000000086500000, 0x0000000086600000|  0%| F|  |TAMS 0x0000000086500000, 0x0000000086500000| Untracked 
|  54|0x0000000086600000, 0x0000000086600000, 0x0000000086700000|  0%| F|  |TAMS 0x0000000086600000, 0x0000000086600000| Untracked 
|  55|0x0000000086700000, 0x0000000086700000, 0x0000000086800000|  0%| F|  |TAMS 0x0000000086700000, 0x0000000086700000| Untracked 
|  56|0x0000000086800000, 0x0000000086800000, 0x0000000086900000|  0%| F|  |TAMS 0x0000000086800000, 0x0000000086800000| Untracked 
|  57|0x0000000086900000, 0x0000000086900000, 0x0000000086a00000|  0%| F|  |TAMS 0x0000000086900000, 0x0000000086900000| Untracked 
|  58|0x0000000086a00000, 0x0000000086a00000, 0x0000000086b00000|  0%| F|  |TAMS 0x0000000086a00000, 0x0000000086a00000| Untracked 
|  59|0x0000000086b00000, 0x0000000086b00000, 0x0000000086c00000|  0%| F|  |TAMS 0x0000000086b00000, 0x0000000086b00000| Untracked 
|  60|0x0000000086c00000, 0x0000000086c00000, 0x0000000086d00000|  0%| F|  |TAMS 0x0000000086c00000, 0x0000000086c00000| Untracked 
|  61|0x0000000086d00000, 0x0000000086d00000, 0x0000000086e00000|  0%| F|  |TAMS 0x0000000086d00000, 0x0000000086d00000| Untracked 
|  62|0x0000000086e00000, 0x0000000086e00000, 0x0000000086f00000|  0%| F|  |TAMS 0x0000000086e00000, 0x0000000086e00000| Untracked 
|  63|0x0000000086f00000, 0x0000000086f00000, 0x0000000087000000|  0%| F|  |TAMS 0x0000000086f00000, 0x0000000086f00000| Untracked 
|  64|0x0000000087000000, 0x0000000087000000, 0x0000000087100000|  0%| F|  |TAMS 0x0000000087000000, 0x0000000087000000| Untracked 
|  65|0x0000000087100000, 0x0000000087100000, 0x0000000087200000|  0%| F|  |TAMS 0x0000000087100000, 0x0000000087100000| Untracked 
|  66|0x0000000087200000, 0x0000000087200000, 0x0000000087300000|  0%| F|  |TAMS 0x0000000087200000, 0x0000000087200000| Untracked 
|  67|0x0000000087300000, 0x0000000087300000, 0x0000000087400000|  0%| F|  |TAMS 0x0000000087300000, 0x0000000087300000| Untracked 
|  68|0x0000000087400000, 0x0000000087400000, 0x0000000087500000|  0%| F|  |TAMS 0x0000000087400000, 0x0000000087400000| Untracked 
|  69|0x0000000087500000, 0x0000000087500000, 0x0000000087600000|  0%| F|  |TAMS 0x0000000087500000, 0x0000000087500000| Untracked 
|  70|0x0000000087600000, 0x0000000087600000, 0x0000000087700000|  0%| F|  |TAMS 0x0000000087600000, 0x0000000087600000| Untracked 
|  71|0x0000000087700000, 0x0000000087700000, 0x0000000087800000|  0%| F|  |TAMS 0x0000000087700000, 0x0000000087700000| Untracked 
|  72|0x0000000087800000, 0x0000000087800000, 0x0000000087900000|  0%| F|  |TAMS 0x0000000087800000, 0x0000000087800000| Untracked 
|  73|0x0000000087900000, 0x0000000087900000, 0x0000000087a00000|  0%| F|  |TAMS 0x0000000087900000, 0x0000000087900000| Untracked 
|  74|0x0000000087a00000, 0x0000000087a00000, 0x0000000087b00000|  0%| F|  |TAMS 0x0000000087a00000, 0x0000000087a00000| Untracked 
|  75|0x0000000087b00000, 0x0000000087b00000, 0x0000000087c00000|  0%| F|  |TAMS 0x0000000087b00000, 0x0000000087b00000| Untracked 
|  76|0x0000000087c00000, 0x0000000087c00000, 0x0000000087d00000|  0%| F|  |TAMS 0x0000000087c00000, 0x0000000087c00000| Untracked 
|  77|0x0000000087d00000, 0x0000000087d00000, 0x0000000087e00000|  0%| F|  |TAMS 0x0000000087d00000, 0x0000000087d00000| Untracked 
|  78|0x0000000087e00000, 0x0000000087e00000, 0x0000000087f00000|  0%| F|  |TAMS 0x0000000087e00000, 0x0000000087e00000| Untracked 
|  79|0x0000000087f00000, 0x0000000087f00000, 0x0000000088000000|  0%| F|  |TAMS 0x0000000087f00000, 0x0000000087f00000| Untracked 
|  80|0x0000000088000000, 0x0000000088000000, 0x0000000088100000|  0%| F|  |TAMS 0x0000000088000000, 0x0000000088000000| Untracked 
|  81|0x0000000088100000, 0x0000000088100000, 0x0000000088200000|  0%| F|  |TAMS 0x0000000088100000, 0x0000000088100000| Untracked 
|  82|0x0000000088200000, 0x0000000088200000, 0x0000000088300000|  0%| F|  |TAMS 0x0000000088200000, 0x0000000088200000| Untracked 
|  83|0x0000000088300000, 0x000000008832d3f0, 0x0000000088400000| 17%| S|CS|TAMS 0x0000000088300000, 0x0000000088300000| Complete 
|  84|0x0000000088400000, 0x0000000088500000, 0x0000000088500000|100%| S|CS|TAMS 0x0000000088400000, 0x0000000088400000| Complete 
|  85|0x0000000088500000, 0x0000000088600000, 0x0000000088600000|100%| S|CS|TAMS 0x0000000088500000, 0x0000000088500000| Complete 
|  86|0x0000000088600000, 0x0000000088700000, 0x0000000088700000|100%| S|CS|TAMS 0x0000000088600000, 0x0000000088600000| Complete 
|  87|0x0000000088700000, 0x0000000088800000, 0x0000000088800000|100%| S|CS|TAMS 0x0000000088700000, 0x0000000088700000| Complete 
|  88|0x0000000088800000, 0x0000000088800000, 0x0000000088900000|  0%| F|  |TAMS 0x0000000088800000, 0x0000000088800000| Untracked 
|  89|0x0000000088900000, 0x0000000088900000, 0x0000000088a00000|  0%| F|  |TAMS 0x0000000088900000, 0x0000000088900000| Untracked 
|  90|0x0000000088a00000, 0x0000000088a00000, 0x0000000088b00000|  0%| F|  |TAMS 0x0000000088a00000, 0x0000000088a00000| Untracked 
|  91|0x0000000088b00000, 0x0000000088b00000, 0x0000000088c00000|  0%| F|  |TAMS 0x0000000088b00000, 0x0000000088b00000| Untracked 
|  92|0x0000000088c00000, 0x0000000088c00000, 0x0000000088d00000|  0%| F|  |TAMS 0x0000000088c00000, 0x0000000088c00000| Untracked 
|  93|0x0000000088d00000, 0x0000000088d00000, 0x0000000088e00000|  0%| F|  |TAMS 0x0000000088d00000, 0x0000000088d00000| Untracked 
|  94|0x0000000088e00000, 0x0000000088e00000, 0x0000000088f00000|  0%| F|  |TAMS 0x0000000088e00000, 0x0000000088e00000| Untracked 
|  95|0x0000000088f00000, 0x0000000088f00000, 0x0000000089000000|  0%| F|  |TAMS 0x0000000088f00000, 0x0000000088f00000| Untracked 
|  96|0x0000000089000000, 0x0000000089000000, 0x0000000089100000|  0%| F|  |TAMS 0x0000000089000000, 0x0000000089000000| Untracked 
|  97|0x0000000089100000, 0x0000000089100000, 0x0000000089200000|  0%| F|  |TAMS 0x0000000089100000, 0x0000000089100000| Untracked 
|  98|0x0000000089200000, 0x0000000089200000, 0x0000000089300000|  0%| F|  |TAMS 0x0000000089200000, 0x0000000089200000| Untracked 
|  99|0x0000000089300000, 0x0000000089300000, 0x0000000089400000|  0%| F|  |TAMS 0x0000000089300000, 0x0000000089300000| Untracked 
| 100|0x0000000089400000, 0x0000000089400000, 0x0000000089500000|  0%| F|  |TAMS 0x0000000089400000, 0x0000000089400000| Untracked 
| 101|0x0000000089500000, 0x0000000089500000, 0x0000000089600000|  0%| F|  |TAMS 0x0000000089500000, 0x0000000089500000| Untracked 
| 102|0x0000000089600000, 0x0000000089600000, 0x0000000089700000|  0%| F|  |TAMS 0x0000000089600000, 0x0000000089600000| Untracked 
| 103|0x0000000089700000, 0x0000000089700000, 0x0000000089800000|  0%| F|  |TAMS 0x0000000089700000, 0x0000000089700000| Untracked 
| 104|0x0000000089800000, 0x0000000089800000, 0x0000000089900000|  0%| F|  |TAMS 0x0000000089800000, 0x0000000089800000| Untracked 
| 105|0x0000000089900000, 0x0000000089a00000, 0x0000000089a00000|100%| E|  |TAMS 0x0000000089900000, 0x0000000089900000| Complete 
| 106|0x0000000089a00000, 0x0000000089b00000, 0x0000000089b00000|100%| E|CS|TAMS 0x0000000089a00000, 0x0000000089a00000| Complete 
| 107|0x0000000089b00000, 0x0000000089c00000, 0x0000000089c00000|100%| E|CS|TAMS 0x0000000089b00000, 0x0000000089b00000| Complete 
| 108|0x0000000089c00000, 0x0000000089d00000, 0x0000000089d00000|100%| E|CS|TAMS 0x0000000089c00000, 0x0000000089c00000| Complete 
| 109|0x0000000089d00000, 0x0000000089e00000, 0x0000000089e00000|100%| E|CS|TAMS 0x0000000089d00000, 0x0000000089d00000| Complete 
| 110|0x0000000089e00000, 0x0000000089f00000, 0x0000000089f00000|100%| E|CS|TAMS 0x0000000089e00000, 0x0000000089e00000| Complete 
| 111|0x0000000089f00000, 0x000000008a000000, 0x000000008a000000|100%| E|CS|TAMS 0x0000000089f00000, 0x0000000089f00000| Complete 
| 112|0x000000008a000000, 0x000000008a100000, 0x000000008a100000|100%| E|CS|TAMS 0x000000008a000000, 0x000000008a000000| Complete 
| 113|0x000000008a100000, 0x000000008a200000, 0x000000008a200000|100%| E|CS|TAMS 0x000000008a100000, 0x000000008a100000| Complete 
| 114|0x000000008a200000, 0x000000008a300000, 0x000000008a300000|100%| E|CS|TAMS 0x000000008a200000, 0x000000008a200000| Complete 
| 115|0x000000008a300000, 0x000000008a400000, 0x000000008a400000|100%| E|CS|TAMS 0x000000008a300000, 0x000000008a300000| Complete 
| 116|0x000000008a400000, 0x000000008a500000, 0x000000008a500000|100%| E|CS|TAMS 0x000000008a400000, 0x000000008a400000| Complete 
| 117|0x000000008a500000, 0x000000008a600000, 0x000000008a600000|100%| E|CS|TAMS 0x000000008a500000, 0x000000008a500000| Complete 
| 118|0x000000008a600000, 0x000000008a700000, 0x000000008a700000|100%| E|CS|TAMS 0x000000008a600000, 0x000000008a600000| Complete 
| 119|0x000000008a700000, 0x000000008a800000, 0x000000008a800000|100%| E|CS|TAMS 0x000000008a700000, 0x000000008a700000| Complete 
| 120|0x000000008a800000, 0x000000008a900000, 0x000000008a900000|100%| E|CS|TAMS 0x000000008a800000, 0x000000008a800000| Complete 
| 121|0x000000008a900000, 0x000000008aa00000, 0x000000008aa00000|100%| E|CS|TAMS 0x000000008a900000, 0x000000008a900000| Complete 
| 122|0x000000008aa00000, 0x000000008ab00000, 0x000000008ab00000|100%| E|CS|TAMS 0x000000008aa00000, 0x000000008aa00000| Complete 
| 123|0x000000008ab00000, 0x000000008ac00000, 0x000000008ac00000|100%| E|CS|TAMS 0x000000008ab00000, 0x000000008ab00000| Complete 
| 124|0x000000008ac00000, 0x000000008ad00000, 0x000000008ad00000|100%| E|CS|TAMS 0x000000008ac00000, 0x000000008ac00000| Complete 
| 125|0x000000008ad00000, 0x000000008ae00000, 0x000000008ae00000|100%| E|CS|TAMS 0x000000008ad00000, 0x000000008ad00000| Complete 

Card table byte_map: [0x000002a07b720000,0x000002a07bb10000] _byte_map_base: 0x000002a07b308000

Marking Bits (Prev, Next): (CMBitMap*) 0x000002a063eb4030, (CMBitMap*) 0x000002a063eb3ff8
 Prev Bits: [0x000002a07de40000, 0x000002a07fd80000)
 Next Bits: [0x000002a07bf00000, 0x000002a07de40000)

Polling page: 0x000002a061d60000

Metaspace:

Usage:
  Non-class:     23.19 MB capacity,    22.50 MB ( 97%) used,   625.54 KB (  3%) free+waste,    79.88 KB ( <1%) overhead. 
      Class:      3.12 MB capacity,     2.84 MB ( 91%) used,   245.62 KB (  8%) free+waste,    40.44 KB (  1%) overhead. 
       Both:     26.31 MB capacity,    25.34 MB ( 96%) used,   871.16 KB (  3%) free+waste,   120.31 KB ( <1%) overhead. 

Virtual space:
  Non-class space:       30.00 MB reserved,      23.42 MB ( 78%) committed 
      Class space:        1.00 GB reserved,       3.13 MB ( <1%) committed 
             Both:        1.03 GB reserved,      26.55 MB (  3%) committed 

Chunk freelists:
   Non-Class:  0 bytes
       Class:  1.25 KB
        Both:  1.25 KB

CodeHeap 'non-profiled nmethods': size=120064Kb used=711Kb max_used=711Kb free=119352Kb
 bounds [0x000002a073df0000, 0x000002a074060000, 0x000002a07b330000]
CodeHeap 'profiled nmethods': size=120000Kb used=3881Kb max_used=3881Kb free=116118Kb
 bounds [0x000002a06c8c0000, 0x000002a06cc90000, 0x000002a073df0000]
CodeHeap 'non-nmethods': size=5696Kb used=1139Kb max_used=1155Kb free=4556Kb
 bounds [0x000002a06c330000, 0x000002a06c5a0000, 0x000002a06c8c0000]
 total_blobs=2491 nmethods=2015 adapters=387
 compilation: enabled
              stopped_count=0, restarted_count=0
 full_count=0

Compilation events (10 events):
Event: 1.316 Thread 0x000002a0022f4800 2000       3       jdk.internal.org.objectweb.asm.ClassWriter::<init> (117 bytes)
Event: 1.316 Thread 0x000002a0022f4800 nmethod 2000 0x000002a06cc7e110 code [0x000002a06cc7e380, 0x000002a06cc7efa8]
Event: 1.316 Thread 0x000002a0022f4800 1990       3       jdk.internal.org.objectweb.asm.Frame::pop (53 bytes)
Event: 1.317 Thread 0x000002a0022f4800 nmethod 1990 0x000002a06cc7f290 code [0x000002a06cc7f4e0, 0x000002a06cc7fc78]
Event: 1.317 Thread 0x000002a0022f4800 2002       3       java.lang.invoke.ClassSpecializer$Factory$1Var::emitFieldInsn (18 bytes)
Event: 1.317 Thread 0x000002a0022f4800 nmethod 2002 0x000002a06cc7ff90 code [0x000002a06cc80140, 0x000002a06cc80308]
Event: 1.317 Thread 0x000002a0022f4800 2001       3       java.lang.invoke.ClassSpecializer$Factory$1Var::nextIndex (18 bytes)
Event: 1.317 Thread 0x000002a0022f4800 nmethod 2001 0x000002a06cc80410 code [0x000002a06cc805c0, 0x000002a06cc80878]
Event: 1.317 Thread 0x000002a0022f4800 2005       3       java.lang.invoke.InvokerBytecodeGenerator::assertStaticType (58 bytes)
Event: 1.317 Thread 0x000002a0022f4800 nmethod 2005 0x000002a06cc80990 code [0x000002a06cc80b80, 0x000002a06cc81058]

GC Heap History (4 events):
Event: 0.343 GC heap before
{Heap before GC invocations=0 (full 0):
 garbage-first heap   total 129024K, used 14336K [0x0000000083000000, 0x0000000100000000)
  region size 1024K, 14 young (14336K), 0 survivors (0K)
 Metaspace       used 9629K, capacity 9798K, committed 10112K, reserved 1058816K
  class space    used 955K, capacity 1043K, committed 1152K, reserved 1048576K
}
Event: 0.347 GC heap after
{Heap after GC invocations=1 (full 0):
 garbage-first heap   total 129024K, used 2856K [0x0000000083000000, 0x0000000100000000)
  region size 1024K, 2 young (2048K), 2 survivors (2048K)
 Metaspace       used 9629K, capacity 9798K, committed 10112K, reserved 1058816K
  class space    used 955K, capacity 1043K, committed 1152K, reserved 1048576K
}
Event: 0.935 GC heap before
{Heap before GC invocations=1 (full 0):
 garbage-first heap   total 129024K, used 38696K [0x0000000083000000, 0x0000000100000000)
  region size 1024K, 38 young (38912K), 2 survivors (2048K)
 Metaspace       used 20475K, capacity 21158K, committed 21296K, reserved 1069056K
  class space    used 2209K, capacity 2379K, committed 2432K, reserved 1048576K
}
Event: 0.940 GC heap after
{Heap after GC invocations=2 (full 0):
 garbage-first heap   total 129024K, used 5085K [0x0000000083000000, 0x0000000100000000)
  region size 1024K, 5 young (5120K), 5 survivors (5120K)
 Metaspace       used 20475K, capacity 21158K, committed 21296K, reserved 1069056K
  class space    used 2209K, capacity 2379K, committed 2432K, reserved 1048576K
}

Deoptimization events (10 events):
Event: 1.077 Thread 0x000002a063e7c800 Uncommon trap: reason=class_check action=maybe_recompile pc=0x000002a073e6dee0 method=java.util.regex.Pattern$GroupHead.match(Ljava/util/regex/Matcher;ILjava/lang/CharSequence;)Z @ 28 c2
Event: 1.077 Thread 0x000002a063e7c800 Uncommon trap: reason=class_check action=maybe_recompile pc=0x000002a073e6ba10 method=java.util.regex.Pattern$BmpCharPropertyGreedy.match(Ljava/util/regex/Matcher;ILjava/lang/CharSequence;)Z @ 26 c2
Event: 1.077 Thread 0x000002a063e7c800 Uncommon trap: reason=class_check action=maybe_recompile pc=0x000002a073e6df3c method=java.util.regex.Pattern$BmpCharProperty.match(Ljava/util/regex/Matcher;ILjava/lang/CharSequence;)Z @ 19 c2
Event: 1.078 Thread 0x000002a063e7c800 Uncommon trap: reason=class_check action=maybe_recompile pc=0x000002a073e6ba10 method=java.util.regex.Pattern$BmpCharPropertyGreedy.match(Ljava/util/regex/Matcher;ILjava/lang/CharSequence;)Z @ 26 c2
Event: 1.078 Thread 0x000002a063e7c800 Uncommon trap: reason=unstable_if action=reinterpret pc=0x000002a073e6f4f4 method=java.util.regex.Pattern.has(I)Z @ 6 c2
Event: 1.096 Thread 0x000002a0041e3000 Uncommon trap: reason=class_check action=maybe_recompile pc=0x000002a073e4d8a8 method=java.util.concurrent.ConcurrentHashMap.putVal(Ljava/lang/Object;Ljava/lang/Object;Z)Ljava/lang/Object; @ 242 c2
Event: 1.118 Thread 0x000002a003714800 Uncommon trap: reason=unstable_if action=reinterpret pc=0x000002a073e4d9d4 method=java.util.concurrent.ConcurrentHashMap.putVal(Ljava/lang/Object;Ljava/lang/Object;Z)Ljava/lang/Object; @ 231 c2
Event: 1.119 Thread 0x000002a0041e3000 Uncommon trap: reason=unstable_if action=reinterpret pc=0x000002a073e4d9d4 method=java.util.concurrent.ConcurrentHashMap.putVal(Ljava/lang/Object;Ljava/lang/Object;Z)Ljava/lang/Object; @ 231 c2
Event: 1.194 Thread 0x000002a063e7c800 Uncommon trap: reason=unstable_if action=reinterpret pc=0x000002a073e6353c method=java.lang.Integer.getChars(II[B)I @ 4 c2
Event: 1.207 Thread 0x000002a063e7c800 Uncommon trap: reason=unstable_if action=reinterpret pc=0x000002a073e83f04 method=com.fasterxml.jackson.databind.introspect.AnnotationMap.get(Ljava/lang/Class;)Ljava/lang/annotation/Annotation; @ 4 c2

Classes redefined (0 events):
No events

Internal exceptions (10 events):
Event: 1.248 Thread 0x000002a063e7c800 Exception <a 'java/lang/IncompatibleClassChangeError'{0x0000000089d48ad8}: Found class java.lang.Object, but interface was expected> (0x0000000089d48ad8) thrown at [./open/src/hotspot/share/interpreter/linkResolver.cpp, line 838]
Event: 1.250 Thread 0x000002a063e7c800 Exception <a 'java/lang/NoSuchMethodError'{0x0000000089d60b78}: java.lang.invoke.DirectMethodHandle$Holder.invokeStatic(Ljava/lang/Object;Ljava/lang/Object;Ljava/lang/Object;Ljava/lang/Object;Ljava/lang/Object;I)Ljava/lang/Object;> (0x0000000089d60b78) th
Event: 1.250 Thread 0x000002a063e7c800 Exception <a 'java/lang/NoSuchMethodError'{0x0000000089d64aa8}: java.lang.invoke.DirectMethodHandle$Holder.invokeSpecial(Ljava/lang/Object;Ljava/lang/Object;Ljava/lang/Object;Ljava/lang/Object;Ljava/lang/Object;Ljava/lang/Object;I)Ljava/lang/Object;> (0x0
Event: 1.286 Thread 0x000002a063e7c800 Exception <a 'java/lang/NoClassDefFoundError'{0x0000000089b43470}: org/apache/log4j/Priority> (0x0000000089b43470) thrown at [./open/src/hotspot/share/classfile/systemDictionary.cpp, line 217]
Event: 1.311 Thread 0x000002a063e7c800 Exception <a 'java/lang/NoSuchMethodError'{0x0000000089afdc10}: java.lang.invoke.DirectMethodHandle$Holder.invokeStatic(Ljava/lang/Object;Ljava/lang/Object;Ljava/lang/Object;Ljava/lang/Object;Ljava/lang/Object;Ljava/lang/Object;Ljava/lang/Object;Ljava/lan
Event: 1.313 Thread 0x000002a063e7c800 Exception <a 'java/lang/NoSuchMethodError'{0x000000008991c680}: java.lang.invoke.DirectMethodHandle$Holder.invokeStatic(Ljava/lang/Object;Ljava/lang/Object;Ljava/lang/Object;Ljava/lang/Object;Ljava/lang/Object;Ljava/lang/Object;Ljava/lang/Object;Ljava/lan
Event: 1.315 Thread 0x000002a063e7c800 Exception <a 'java/lang/NoSuchMethodError'{0x000000008993b598}: java.lang.invoke.DirectMethodHandle$Holder.invokeStatic(Ljava/lang/Object;Ljava/lang/Object;Ljava/lang/Object;Ljava/lang/Object;Ljava/lang/Object;Ljava/lang/Object;Ljava/lang/Object;Ljava/lan
Event: 1.316 Thread 0x000002a063e7c800 Exception <a 'java/lang/NoSuchMethodError'{0x000000008995bbe0}: java.lang.invoke.DirectMethodHandle$Holder.invokeStatic(Ljava/lang/Object;Ljava/lang/Object;Ljava/lang/Object;Ljava/lang/Object;Ljava/lang/Object;Ljava/lang/Object;Ljava/lang/Object;Ljava/lan
Event: 1.318 Thread 0x000002a063e7c800 Exception <a 'java/lang/ClassNotFoundException'{0x00000000899721d0}: io/qameta/allure/csv/CsvExportCategoryBeanInfo> (0x00000000899721d0) thrown at [./open/src/hotspot/share/classfile/systemDictionary.cpp, line 228]
Event: 1.318 Thread 0x000002a063e7c800 Exception <a 'java/lang/ClassNotFoundException'{0x0000000089972a10}: java/lang/ObjectBeanInfo> (0x0000000089972a10) thrown at [./open/src/hotspot/share/classfile/systemDictionary.cpp, line 228]

Events (10 events):
Event: 1.318 loading class io/qameta/allure/csv/CsvExportCategoryBeanInfo
Event: 1.318 loading class io/qameta/allure/csv/CsvExportCategoryBeanInfo done
Event: 1.318 loading class io/qameta/allure/csv/CsvExportCategoryBeanInfo
Event: 1.318 loading class io/qameta/allure/csv/CsvExportCategoryBeanInfo done
Event: 1.318 loading class java/lang/ObjectBeanInfo
Event: 1.318 loading class java/lang/ObjectBeanInfo done
Event: 1.318 loading class java/lang/ObjectBeanInfo
Event: 1.318 loading class java/lang/ObjectBeanInfo done
Event: 1.318 loading class java/beans/BeanDescriptor
Event: 1.318 loading class java/beans/BeanDescriptor done


Dynamic libraries:
0x00007ff633ae0000 - 0x00007ff633aef000 	C:\Program Files\Java\jdk-11.0.12\bin\java.exe
0x00007ffdbb5b0000 - 0x00007ffdbb7a8000 	C:\Windows\SYSTEM32\ntdll.dll
0x00007ffdbb4b0000 - 0x00007ffdbb56d000 	C:\Windows\System32\KERNEL32.DLL
0x00007ffdb91d0000 - 0x00007ffdb94c6000 	C:\Windows\System32\KERNELBASE.dll
0x00007ffdb8d00000 - 0x00007ffdb8e00000 	C:\Windows\System32\ucrtbase.dll
0x00007ffd8dda0000 - 0x00007ffd8ddb8000 	C:\Program Files\Java\jdk-11.0.12\bin\jli.dll
0x00007ffdbadc0000 - 0x00007ffdbae6e000 	C:\Windows\System32\ADVAPI32.dll
0x00007ffdba770000 - 0x00007ffdba80e000 	C:\Windows\System32\msvcrt.dll
0x00007ffdba530000 - 0x00007ffdba5cc000 	C:\Windows\System32\sechost.dll
0x00007ffdbb380000 - 0x00007ffdbb4a6000 	C:\Windows\System32\RPCRT4.dll
0x00007ffdbb030000 - 0x00007ffdbb1ce000 	C:\Windows\System32\USER32.dll
0x00007ffdb95e0000 - 0x00007ffdb9602000 	C:\Windows\System32\win32u.dll
0x00007ffdba5d0000 - 0x00007ffdba5fc000 	C:\Windows\System32\GDI32.dll
0x00007ffdb90b0000 - 0x00007ffdb91ca000 	C:\Windows\System32\gdi32full.dll
0x00007ffdb9010000 - 0x00007ffdb90ad000 	C:\Windows\System32\msvcp_win.dll
0x00007ffd8dd80000 - 0x00007ffd8dd95000 	C:\Program Files\Java\jdk-11.0.12\bin\VCRUNTIME140.dll
0x00007ffd9ebe0000 - 0x00007ffd9ee7a000 	C:\Windows\WinSxS\amd64_microsoft.windows.common-controls_6595b64144ccf1df_6.0.19041.1110_none_60b5254171f9507e\COMCTL32.dll
0x00007ffdaffc0000 - 0x00007ffdaffca000 	C:\Windows\SYSTEM32\VERSION.dll
0x00007ffdba740000 - 0x00007ffdba770000 	C:\Windows\System32\IMM32.DLL
0x00007ffd8dce0000 - 0x00007ffd8dd7b000 	C:\Program Files\Java\jdk-11.0.12\bin\msvcp140.dll
0x00007ffd8cc00000 - 0x00007ffd8d6ff000 	C:\Program Files\Java\jdk-11.0.12\bin\server\jvm.dll
0x00007ffdbb020000 - 0x00007ffdbb028000 	C:\Windows\System32\PSAPI.DLL
0x00007ffd93dc0000 - 0x00007ffd93dc9000 	C:\Windows\SYSTEM32\WSOCK32.dll
0x00007ffdb9aa0000 - 0x00007ffdb9b0b000 	C:\Windows\System32\WS2_32.dll
0x00007ffd92b70000 - 0x00007ffd92b97000 	C:\Windows\SYSTEM32\WINMM.dll
0x00007ffdb74b0000 - 0x00007ffdb74c2000 	C:\Windows\SYSTEM32\kernel.appcore.dll
0x00007ffd8dc90000 - 0x00007ffd8dca0000 	C:\Program Files\Java\jdk-11.0.12\bin\verify.dll
0x00007ffda32f0000 - 0x00007ffda34d4000 	C:\Windows\SYSTEM32\DBGHELP.DLL
0x00007ffd9c750000 - 0x00007ffd9c784000 	C:\Windows\SYSTEM32\dbgcore.DLL
0x00007ffdb9520000 - 0x00007ffdb95a2000 	C:\Windows\System32\bcryptPrimitives.dll
0x00007ffd8cb80000 - 0x00007ffd8cba8000 	C:\Program Files\Java\jdk-11.0.12\bin\java.dll
0x00007ffd8dc80000 - 0x00007ffd8dc8a000 	C:\Program Files\Java\jdk-11.0.12\bin\jimage.dll
0x00007ffd8c980000 - 0x00007ffd8c996000 	C:\Program Files\Java\jdk-11.0.12\bin\zip.dll
0x00007ffdb9c20000 - 0x00007ffdba365000 	C:\Windows\System32\SHELL32.dll
0x00007ffdb6d00000 - 0x00007ffdb749b000 	C:\Windows\SYSTEM32\windows.storage.dll
0x00007ffdb9740000 - 0x00007ffdb9a94000 	C:\Windows\System32\combase.dll
0x00007ffdb8660000 - 0x00007ffdb868e000 	C:\Windows\SYSTEM32\Wldp.dll
0x00007ffdba370000 - 0x00007ffdba41d000 	C:\Windows\System32\SHCORE.dll
0x00007ffdb9610000 - 0x00007ffdb9665000 	C:\Windows\System32\shlwapi.dll
0x00007ffdb8bc0000 - 0x00007ffdb8be5000 	C:\Windows\SYSTEM32\profapi.dll
0x00007ffd8bda0000 - 0x00007ffd8bdb9000 	C:\Program Files\Java\jdk-11.0.12\bin\net.dll
0x00007ffda7d10000 - 0x00007ffda7e1a000 	C:\Windows\SYSTEM32\WINHTTP.dll
0x00007ffdb8360000 - 0x00007ffdb83ca000 	C:\Windows\system32\mswsock.dll
0x00007ffd8bd80000 - 0x00007ffd8bd92000 	C:\Program Files\Java\jdk-11.0.12\bin\nio.dll
0x00007ffdb85b0000 - 0x00007ffdb85c8000 	C:\Windows\SYSTEM32\CRYPTSP.dll
0x00007ffdb7c70000 - 0x00007ffdb7ca4000 	C:\Windows\system32\rsaenh.dll
0x00007ffdb95b0000 - 0x00007ffdb95d7000 	C:\Windows\System32\bcrypt.dll
0x00007ffdb8b40000 - 0x00007ffdb8b6e000 	C:\Windows\SYSTEM32\USERENV.dll
0x00007ffdb85d0000 - 0x00007ffdb85dc000 	C:\Windows\SYSTEM32\CRYPTBASE.dll
0x00007ffdb8050000 - 0x00007ffdb808b000 	C:\Windows\SYSTEM32\IPHLPAPI.DLL
0x00007ffdba600000 - 0x00007ffdba608000 	C:\Windows\System32\NSI.dll
0x00007ffda9010000 - 0x00007ffda9027000 	C:\Windows\SYSTEM32\dhcpcsvc6.DLL
0x00007ffda9250000 - 0x00007ffda926d000 	C:\Windows\SYSTEM32\dhcpcsvc.DLL
0x00007ffdb8090000 - 0x00007ffdb815a000 	C:\Windows\SYSTEM32\DNSAPI.dll

dbghelp: loaded successfully - version: 4.0.5 - missing functions: none
symbol engine: initialized successfully - sym options: 0x614 - pdb path: .;C:\Program Files\Java\jdk-11.0.12\bin;C:\Windows\SYSTEM32;C:\Windows\WinSxS\amd64_microsoft.windows.common-controls_6595b64144ccf1df_6.0.19041.1110_none_60b5254171f9507e;C:\Program Files\Java\jdk-11.0.12\bin\server

VM Arguments:
java_command: io.qameta.allure.CommandLine serve C:\Users\User\jenkins_practice\build\allure-results
java_class_path (initial): C:\Users\User\jenkins_practice\build\allure\commandline\lib\allure-commandline-2.24.0.jar;C:\Users\User\jenkins_practice\build\allure\commandline\lib\allure-generator-2.24.0.jar;C:\Users\User\jenkins_practice\build\allure\commandline\lib\allure-model-2.23.0.jar;C:\Users\User\jenkins_practice\build\allure\commandline\lib\allure-plugin-api-2.24.0.jar;C:\Users\User\jenkins_practice\build\allure\commandline\lib\allure1-model-1.0.jar;C:\Users\User\jenkins_practice\build\allure\commandline\lib\annotations-15.0.jar;C:\Users\User\jenkins_practice\build\allure\commandline\lib\commons-beanutils-1.9.4.jar;C:\Users\User\jenkins_practice\build\allure\commandline\lib\commons-codec-1.11.jar;C:\Users\User\jenkins_practice\build\allure\commandline\lib\commons-collections-3.2.2.jar;C:\Users\User\jenkins_practice\build\allure\commandline\lib\commons-collections4-4.2.jar;C:\Users\User\jenkins_practice\build\allure\commandline\lib\commons-io-2.13.0.jar;C:\Users\User\jenkins_practice\build\allure\commandline\lib\commons-lang3-3.13.0.jar;C:\Users\User\jenkins_practice\build\allure\commandline\lib\commons-logging-1.2.jar;C:\Users\User\jenkins_practice\build\allure\commandline\lib\commons-text-1.3.jar;C:\Users\User\jenkins_practice\build\allure\commandline\lib\flexmark-0.62.2.jar;C:\Users\User\jenkins_practice\build\allure\commandline\lib\flexmark-ext-tables-0.62.2.jar;C:\Users\User\jenkins_practice\build\allure\commandline\lib\flexmark-util-0.62.2.jar;C:\Users\User\jenkins_practice\build\allure\commandline\lib\flexmark-util-ast-0.62.2.jar;C:\Users\User\jenkins_practice\build\allure\commandline\lib\flexmark-util-builder-0.62.2.jar;C:\Users\User\jenkins_practice\build\allure\commandline\lib\flexmark-util-collection-0.62.2.jar;C:\Users\User\jenkins_practice\build\allure\commandline\lib\flexmark-util-data-0.62.2.jar;C:\Users\User\jenkins_practice\build\allure\commandline\lib\flexmark-util-dependency-0.62.2.jar;C:\Users\User\jenkins_practice\build\allure\commandline
Launcher Type: SUN_STANDARD

[Global flags]
     intx CICompilerCount                          = 3                                         {product} {ergonomic}
     uint ConcGCThreads                            = 1                                         {product} {ergonomic}
     uint G1ConcRefinementThreads                  = 4                                         {product} {ergonomic}
   size_t G1HeapRegionSize                         = 1048576                                   {product} {ergonomic}
    uintx GCDrainStackTargetSize                   = 64                                        {product} {ergonomic}
   size_t InitialHeapSize                          = 132120576                                 {product} {ergonomic}
   size_t MarkStackSize                            = 4194304                                   {product} {ergonomic}
   size_t MaxHeapSize                              = 2097152000                                {product} {ergonomic}
   size_t MaxNewSize                               = 1258291200                                {product} {ergonomic}
   size_t MinHeapDeltaBytes                        = 1048576                                   {product} {ergonomic}
    uintx NonNMethodCodeHeapSize                   = 5830732                                {pd product} {ergonomic}
    uintx NonProfiledCodeHeapSize                  = 122913754                              {pd product} {ergonomic}
    uintx ProfiledCodeHeapSize                     = 122913754                              {pd product} {ergonomic}
    uintx ReservedCodeCacheSize                    = 251658240                              {pd product} {ergonomic}
     bool SegmentedCodeCache                       = true                                      {product} {ergonomic}
     bool UseCompressedClassPointers               = true                                 {lp64_product} {ergonomic}
     bool UseCompressedOops                        = true                                 {lp64_product} {ergonomic}
     bool UseG1GC                                  = true                                      {product} {ergonomic}
     bool UseLargePagesIndividualAllocation        = false                                  {pd product} {ergonomic}

Logging:
Log output configuration:
 #0: stdout all=warning uptime,level,tags
 #1: stderr all=off uptime,level,tags

Environment Variables:
JAVA_HOME=C:\Program Files\Java\jdk-11.0.12
CLASSPATH=C:\Users\User\jenkins_practice\build\allure\commandline\lib\*;C:\Users\User\jenkins_practice\build\allure\commandline\lib\config
PATH=C:\Program Files\Common Files\Oracle\Java\javapath;C:\Windows\system32;C:\Windows;C:\Windows\System32\Wbem;C:\Windows\System32\WindowsPowerShell\v1.0\;C:\Windows\System32\OpenSSH\;C:\Program Files\7-Zip;C:\Program Files\Git\cmd;C:\Users\User\apache-maven-3.8.6\bin;C:\Gradle\bin;C:\Users\User\AppData\Local\Microsoft\WindowsApps;;C:\Program Files\JetBrains\IntelliJ IDEA Community Edition 2021.2.2\bin;
USERNAME=User
OS=Windows_NT
PROCESSOR_IDENTIFIER=Intel64 Family 6 Model 142 Stepping 12, GenuineIntel



---------------  S Y S T E M  ---------------

OS: Windows 10 , 64 bit Build 19041 (10.0.19041.3393)

CPU:total 4 (initial active 4) (2 cores per cpu, 2 threads per core) family 6 model 142 stepping 12 microcode 0xd6, cmov, cx8, fxsr, mmx, sse, sse2, sse3, ssse3, sse4.1, sse4.2, popcnt, avx, avx2, aes, clmul, erms, 3dnowpref, lzcnt, ht, tsc, tscinvbit, bmi1, bmi2, adx, fma

Memory: 4k page, system-wide physical 7996M (690M free)
TotalPageFile size 7996M (AvailPageFile size 5M)
current process WorkingSet (physical memory assigned to process): 125M, peak: 125M
current process commit charge ("private bytes"): 241M, peak: 241M

vm_info: Java HotSpot(TM) 64-Bit Server VM (11.0.12+8-LTS-237) for windows-amd64 JRE (11.0.12+8-LTS-237), built on Jun  8 2021 11:25:59 by "mach5one" with MS VC++ 15.9 (VS2017)

END.
