#
# There is insufficient memory for the Java Runtime Environment to continue.
# Native memory allocation (mmap) failed to map 132120576 bytes for Failed to commit area from 0x0000000083000000 to 0x000000008ae00000 of length 132120576.
# Possible reasons:
#   The system is out of physical RAM or swap space
#   The process is running with CompressedOops enabled, and the Java Heap may be blocking the growth of the native heap
# Possible solutions:
#   Reduce memory load on the system
#   Increase physical memory or swap space
#   Check if swap backing store is full
#   Decrease Java heap size (-Xmx/-Xms)
#   Decrease number of Java threads
#   Decrease Java thread stack sizes (-Xss)
#   Set larger code cache with -XX:ReservedCodeCacheSize=
# This output file may be truncated or incomplete.
#
#  Out of Memory Error (./src/hotspot/os/windows/os_windows.cpp:3521), pid=11724, tid=10616
#
# JRE version:  (11.0.12+7) (build )
# Java VM: OpenJDK 64-Bit Server VM (11.0.12+7-b1504.28, mixed mode, sharing, tiered, compressed oops, g1 gc, windows-amd64)
# No core dump will be written. Minidumps are not enabled by default on client versions of Windows
#

---------------  S U M M A R Y ------------

Command Line: git4idea.http.GitAskPassApp Username for 'https://github.com': 

Host: Intel(R) Core(TM) i3-10110U CPU @ 2.10GHz, 4 cores, 7G,  Windows 10 , 64 bit Build 19041 (10.0.19041.3393)
Time: Thu Sep 14 21:34:45 2023 Беларусь (зима) elapsed time: 0.012488 seconds (0d 0h 0m 0s)

---------------  T H R E A D  ---------------

Current thread (0x000001c72ae9b000):  JavaThread "Unknown thread" [_thread_in_vm, id=10616, stack(0x0000007be1600000,0x0000007be1700000)]

Stack: [0x0000007be1600000,0x0000007be1700000]
Native frames: (J=compiled Java code, j=interpreted, Vv=VM code, C=native code)
V  [jvm.dll+0x5ff40a]
V  [jvm.dll+0x783b65]
V  [jvm.dll+0x78517d]
V  [jvm.dll+0x785833]
V  [jvm.dll+0x249408]
V  [jvm.dll+0x5fc7f4]
V  [jvm.dll+0x5f13c5]
V  [jvm.dll+0x3076bb]
V  [jvm.dll+0x30762a]
V  [jvm.dll+0x307502]
V  [jvm.dll+0x30c466]
V  [jvm.dll+0x355543]
V  [jvm.dll+0x355c46]
V  [jvm.dll+0x355643]
V  [jvm.dll+0x2e2018]
V  [jvm.dll+0x2e31c7]
V  [jvm.dll+0x761f57]
V  [jvm.dll+0x76374c]
V  [jvm.dll+0x362ab9]
V  [jvm.dll+0x7455be]
V  [jvm.dll+0x3cb673]
V  [jvm.dll+0x3cda21]
C  [jli.dll+0x536b]
C  [ucrtbase.dll+0x21bb2]
C  [KERNEL32.DLL+0x17344]
C  [ntdll.dll+0x526b1]


---------------  P R O C E S S  ---------------

Threads class SMR info:
_java_thread_list=0x000001c72ad72730, length=0, elements={
}

Java Threads: ( => current thread )

Other Threads:
  0x000001c72aeb3800 GCTaskThread "GC Thread#0" [stack: 0x0000007be1700000,0x0000007be1800000] [id=8272]
  0x000001c72aee4800 ConcurrentGCThread "G1 Main Marker" [stack: 0x0000007be1800000,0x0000007be1900000] [id=6700]
  0x000001c72aee7000 ConcurrentGCThread "G1 Conc#0" [stack: 0x0000007be1900000,0x0000007be1a00000] [id=10892]

[error occurred during error reporting (printing all threads), id 0xc0000005, EXCEPTION_ACCESS_VIOLATION (0xc0000005) at pc=0x00007ffd7a1427a7]

VM state:not at safepoint (not fully initialized)

VM Mutex/Monitor currently owned by a thread:  ([mutex/lock_event])
[0x000001c72ae98150] Heap_lock - owner thread: 0x000001c72ae9b000

Heap address: 0x0000000083000000, size: 2000 MB, Compressed Oops mode: Non-zero based: 0x0000000083000000
Narrow klass base: 0x0000000000000000, Narrow klass shift: 0

GC Heap History (0 events):
No events

Deoptimization events (0 events):
No events

Classes redefined (0 events):
No events

Internal exceptions (0 events):
No events

Events (1 events):
Event: 0.008 Loaded shared library C:\Program Files\JetBrains\IntelliJ IDEA Community Edition 2021.2.2\jbr\bin\zip.dll


Dynamic libraries:
0x00007ff643360000 - 0x00007ff64336a000 	C:\Program Files\JetBrains\IntelliJ IDEA Community Edition 2021.2.2\jbr\bin\java.exe
0x00007ffdbb5b0000 - 0x00007ffdbb7a8000 	C:\Windows\SYSTEM32\ntdll.dll
0x00007ffdbb4b0000 - 0x00007ffdbb56d000 	C:\Windows\System32\KERNEL32.DLL
0x00007ffdb91d0000 - 0x00007ffdb94c6000 	C:\Windows\System32\KERNELBASE.dll
0x00007ffdb8d00000 - 0x00007ffdb8e00000 	C:\Windows\System32\ucrtbase.dll
0x00007ffdb2a20000 - 0x00007ffdb2a39000 	C:\Program Files\JetBrains\IntelliJ IDEA Community Edition 2021.2.2\jbr\bin\jli.dll
0x00007ffdbb030000 - 0x00007ffdbb1ce000 	C:\Windows\System32\USER32.dll
0x00007ffdb95e0000 - 0x00007ffdb9602000 	C:\Windows\System32\win32u.dll
0x00007ffdba5d0000 - 0x00007ffdba5fc000 	C:\Windows\System32\GDI32.dll
0x00007ffdb90b0000 - 0x00007ffdb91ca000 	C:\Windows\System32\gdi32full.dll
0x00007ffdb9010000 - 0x00007ffdb90ad000 	C:\Windows\System32\msvcp_win.dll
0x00007ffd9ebe0000 - 0x00007ffd9ee7a000 	C:\Windows\WinSxS\amd64_microsoft.windows.common-controls_6595b64144ccf1df_6.0.19041.1110_none_60b5254171f9507e\COMCTL32.dll
0x00007ffdba770000 - 0x00007ffdba80e000 	C:\Windows\System32\msvcrt.dll
0x00007ffdb2a00000 - 0x00007ffdb2a17000 	C:\Program Files\JetBrains\IntelliJ IDEA Community Edition 2021.2.2\jbr\bin\VCRUNTIME140.dll
0x00007ffdba740000 - 0x00007ffdba770000 	C:\Windows\System32\IMM32.DLL
0x00007ffd8a670000 - 0x00007ffd8a70d000 	C:\Program Files\JetBrains\IntelliJ IDEA Community Edition 2021.2.2\jbr\bin\msvcp140.dll
0x00007ffd79e50000 - 0x00007ffd7a9a8000 	C:\Program Files\JetBrains\IntelliJ IDEA Community Edition 2021.2.2\jbr\bin\server\jvm.dll
0x00007ffdbadc0000 - 0x00007ffdbae6e000 	C:\Windows\System32\ADVAPI32.dll
0x00007ffdba530000 - 0x00007ffdba5cc000 	C:\Windows\System32\sechost.dll
0x00007ffdbb380000 - 0x00007ffdbb4a6000 	C:\Windows\System32\RPCRT4.dll
0x00007ffdbb020000 - 0x00007ffdbb028000 	C:\Windows\System32\PSAPI.DLL
0x00007ffd93dc0000 - 0x00007ffd93dc9000 	C:\Windows\SYSTEM32\WSOCK32.dll
0x00007ffd92b70000 - 0x00007ffd92b97000 	C:\Windows\SYSTEM32\WINMM.dll
0x00007ffdb9aa0000 - 0x00007ffdb9b0b000 	C:\Windows\System32\WS2_32.dll
0x00007ffdaffc0000 - 0x00007ffdaffca000 	C:\Windows\SYSTEM32\VERSION.dll
0x00007ffdb74b0000 - 0x00007ffdb74c2000 	C:\Windows\SYSTEM32\kernel.appcore.dll
0x00007ffdb29a0000 - 0x00007ffdb29b1000 	C:\Program Files\JetBrains\IntelliJ IDEA Community Edition 2021.2.2\jbr\bin\verify.dll
0x00007ffda32f0000 - 0x00007ffda34d4000 	C:\Windows\SYSTEM32\DBGHELP.DLL
0x00007ffd9c750000 - 0x00007ffd9c784000 	C:\Windows\SYSTEM32\dbgcore.DLL
0x00007ffdb9520000 - 0x00007ffdb95a2000 	C:\Windows\System32\bcryptPrimitives.dll
0x00007ffdb23c0000 - 0x00007ffdb23e9000 	C:\Program Files\JetBrains\IntelliJ IDEA Community Edition 2021.2.2\jbr\bin\java.dll
0x00007ffdb43e0000 - 0x00007ffdb43eb000 	C:\Program Files\JetBrains\IntelliJ IDEA Community Edition 2021.2.2\jbr\bin\jimage.dll
0x00007ffdb3670000 - 0x00007ffdb3688000 	C:\Program Files\JetBrains\IntelliJ IDEA Community Edition 2021.2.2\jbr\bin\zip.dll

dbghelp: loaded successfully - version: 4.0.5 - missing functions: none
symbol engine: initialized successfully - sym options: 0x614 - pdb path: .;C:\Program Files\JetBrains\IntelliJ IDEA Community Edition 2021.2.2\jbr\bin;C:\Windows\SYSTEM32;C:\Windows\WinSxS\amd64_microsoft.windows.common-controls_6595b64144ccf1df_6.0.19041.1110_none_60b5254171f9507e;C:\Program Files\JetBrains\IntelliJ IDEA Community Edition 2021.2.2\jbr\bin\server

VM Arguments:
java_command: git4idea.http.GitAskPassApp Username for 'https://github.com': 
java_class_path (initial): C:/Program Files/JetBrains/IntelliJ IDEA Community Edition 2021.2.2/plugins/git4idea/lib/git4idea-rt.jar;C:/Program Files/JetBrains/IntelliJ IDEA Community Edition 2021.2.2/lib/3rd-party.jar
Launcher Type: SUN_STANDARD

[Global flags]
     intx CICompilerCount                          = 3                                         {product} {ergonomic}
     uint ConcGCThreads                            = 1                                         {product} {ergonomic}
     uint G1ConcRefinementThreads                  = 4                                         {product} {ergonomic}
   size_t G1HeapRegionSize                         = 1048576                                   {product} {ergonomic}
    uintx GCDrainStackTargetSize                   = 64                                        {product} {ergonomic}
   size_t InitialHeapSize                          = 132120576                                 {product} {ergonomic}
   size_t MarkStackSize                            = 4194304                                   {product} {ergonomic}
   size_t MaxHeapSize                              = 2097152000                                {product} {ergonomic}
   size_t MinHeapDeltaBytes                        = 1048576                                   {product} {ergonomic}
    uintx NonNMethodCodeHeapSize                   = 5830732                                {pd product} {ergonomic}
    uintx NonProfiledCodeHeapSize                  = 122913754                              {pd product} {ergonomic}
    uintx ProfiledCodeHeapSize                     = 122913754                              {pd product} {ergonomic}
    uintx ReservedCodeCacheSize                    = 251658240                              {pd product} {ergonomic}
     bool SegmentedCodeCache                       = true                                      {product} {ergonomic}
     bool UseCompressedClassPointers               = true                                 {lp64_product} {ergonomic}
     bool UseCompressedOops                        = true                                 {lp64_product} {ergonomic}
     bool UseG1GC                                  = true                                      {product} {ergonomic}
     bool UseLargePagesIndividualAllocation        = false                                  {pd product} {ergonomic}

Logging:
Log output configuration:
 #0: stdout all=warning uptime,level,tags
 #1: stderr all=off uptime,level,tags

Environment Variables:
JAVA_HOME=C:\Program Files\Java\jdk-11.0.12
PATH=C:\Program Files\Git\mingw64\libexec\git-core;C:\Program Files\Git\mingw64\libexec\git-core;C:\Program Files\Git\mingw64\bin;C:\Program Files\Git\usr\bin;C:\Users\User\bin;C:\Program Files\Common Files\Oracle\Java\javapath;C:\Windows\system32;C:\Windows;C:\Windows\System32\Wbem;C:\Windows\System32\WindowsPowerShell\v1.0;C:\Windows\System32\OpenSSH;C:\Program Files\7-Zip;C:\Program Files\Git\cmd;C:\Users\User\apache-maven-3.8.6\bin;C:\Gradle\bin;C:\Users\User\AppData\Local\Microsoft\WindowsApps;C:\Program Files\JetBrains\IntelliJ IDEA Community Edition 2021.2.2\bin
USERNAME=User
DISPLAY=:0.0
LC_ALL=en_US.UTF-8
OS=Windows_NT
PROCESSOR_IDENTIFIER=Intel64 Family 6 Model 142 Stepping 12, GenuineIntel



---------------  S Y S T E M  ---------------

OS: Windows 10 , 64 bit Build 19041 (10.0.19041.3393)
OS uptime: 0 days 5:32 hours

CPU:total 4 (initial active 4) (2 cores per cpu, 2 threads per core) family 6 model 142 stepping 12 microcode 0xd6, cmov, cx8, fxsr, mmx, sse, sse2, sse3, ssse3, sse4.1, sse4.2, popcnt, avx, avx2, aes, clmul, erms, 3dnowpref, lzcnt, ht, tsc, tscinvbit, bmi1, bmi2, adx, fma

Memory: 4k page, system-wide physical 7996M (360M free)
TotalPageFile size 7996M (AvailPageFile size 82M)
current process WorkingSet (physical memory assigned to process): 10M, peak: 10M
current process commit charge ("private bytes"): 51M, peak: 177M

vm_info: OpenJDK 64-Bit Server VM (11.0.12+7-b1504.28) for windows-amd64 JRE (11.0.12+7-b1504.28), built on Sep  3 2021 08:39:15 by "" with MS VC++ 14.0 (VS2015)

END.
